2021-06-22 22:45:23.121  INFO 3269 --- [restartedMain] c.example.demo.SpringIocAopApplication   : Starting SpringIocAopApplication using Java 15.0.2 on hirosehirotakanoMacBook-Pro.local with PID 3269 (/Users/hirosehirotaka/Documents/workspace-spring-tool-suite-4-4.10.0.RELEASE/spring-ioc-aop/target/classes started by hirosehirotaka in /Users/hirosehirotaka/Documents/workspace-spring-tool-suite-4-4.10.0.RELEASE/spring-ioc-aop)
2021-06-22 22:45:23.121 DEBUG 3269 --- [restartedMain] c.example.demo.SpringIocAopApplication   : Running with Spring Boot v2.5.1, Spring v5.3.8
2021-06-22 22:45:23.122  INFO 3269 --- [restartedMain] c.example.demo.SpringIocAopApplication   : No active profile set, falling back to default profiles: default
2021-06-22 22:45:23.254  INFO 3269 --- [restartedMain] .s.d.r.c.RepositoryConfigurationDelegate : Bootstrapping Spring Data JPA repositories in DEFAULT mode.
2021-06-22 22:45:23.258  INFO 3269 --- [restartedMain] .s.d.r.c.RepositoryConfigurationDelegate : Finished Spring Data repository scanning in 4 ms. Found 1 JPA repository interfaces.
2021-06-22 22:45:23.333  INFO 3269 --- [restartedMain] o.s.b.w.embedded.tomcat.TomcatWebServer  : Tomcat initialized with port(s): 8080 (http)
2021-06-22 22:45:23.333  INFO 3269 --- [restartedMain] o.apache.catalina.core.StandardService   : Starting service [Tomcat]
2021-06-22 22:45:23.333  INFO 3269 --- [restartedMain] org.apache.catalina.core.StandardEngine  : Starting Servlet engine: [Apache Tomcat/9.0.46]
2021-06-22 22:45:23.343  INFO 3269 --- [restartedMain] o.a.c.c.C.[Tomcat].[localhost].[/]       : Initializing Spring embedded WebApplicationContext
2021-06-22 22:45:23.343  INFO 3269 --- [restartedMain] w.s.c.ServletWebServerApplicationContext : Root WebApplicationContext: initialization completed in 219 ms
2021-06-22 22:45:23.352  INFO 3269 --- [restartedMain] com.zaxxer.hikari.HikariDataSource       : HikariPool-3 - Starting...
2021-06-22 22:45:23.354  INFO 3269 --- [restartedMain] com.zaxxer.hikari.HikariDataSource       : HikariPool-3 - Start completed.
2021-06-22 22:45:23.354  INFO 3269 --- [restartedMain] o.s.b.a.h2.H2ConsoleAutoConfiguration    : H2 console available at '/h2-console'. Database available at 'jdbc:h2:mem:e9930cc5-b626-4543-a249-26646ba859e9'
2021-06-22 22:45:23.376  INFO 3269 --- [restartedMain] o.hibernate.jpa.internal.util.LogHelper  : HHH000204: Processing PersistenceUnitInfo [name: default]
2021-06-22 22:45:23.380  INFO 3269 --- [restartedMain] org.hibernate.dialect.Dialect            : HHH000400: Using dialect: org.hibernate.dialect.H2Dialect
2021-06-22 22:45:23.402  INFO 3269 --- [restartedMain] o.h.e.t.j.p.i.JtaPlatformInitiator       : HHH000490: Using JtaPlatform implementation: [org.hibernate.engine.transaction.jta.platform.internal.NoJtaPlatform]
2021-06-22 22:45:23.402  INFO 3269 --- [restartedMain] j.LocalContainerEntityManagerFactoryBean : Initialized JPA EntityManagerFactory for persistence unit 'default'
2021-06-22 22:45:23.423  WARN 3269 --- [restartedMain] JpaBaseConfiguration$JpaWebConfiguration : spring.jpa.open-in-view is enabled by default. Therefore, database queries may be performed during view rendering. Explicitly configure spring.jpa.open-in-view to disable this warning
2021-06-22 22:45:23.451  INFO 3269 --- [restartedMain] o.s.b.a.w.s.WelcomePageHandlerMapping    : Adding welcome page template: index
2021-06-22 22:45:23.516  WARN 3269 --- [restartedMain] o.s.b.d.a.OptionalLiveReloadServer       : Unable to start LiveReload server
2021-06-22 22:45:23.527  INFO 3269 --- [restartedMain] o.s.b.w.embedded.tomcat.TomcatWebServer  : Tomcat started on port(s): 8080 (http) with context path ''
2021-06-22 22:45:23.531  INFO 3269 --- [restartedMain] c.example.demo.SpringIocAopApplication   : Started SpringIocAopApplication in 0.456 seconds (JVM running for 236.943)
2021-06-22 22:45:23.532  INFO 3269 --- [restartedMain] c.example.demo.SpringIocAopApplication   : Bean名: org.springframework.context.annotation.internalConfigurationAnnotationProcessor
2021-06-22 22:45:23.532  INFO 3269 --- [restartedMain] c.example.demo.SpringIocAopApplication   : Bean名: org.springframework.context.annotation.internalAutowiredAnnotationProcessor
2021-06-22 22:45:23.532  INFO 3269 --- [restartedMain] c.example.demo.SpringIocAopApplication   : Bean名: org.springframework.context.annotation.internalCommonAnnotationProcessor
2021-06-22 22:45:23.532  INFO 3269 --- [restartedMain] c.example.demo.SpringIocAopApplication   : Bean名: org.springframework.context.annotation.internalPersistenceAnnotationProcessor
2021-06-22 22:45:23.532  INFO 3269 --- [restartedMain] c.example.demo.SpringIocAopApplication   : Bean名: org.springframework.context.event.internalEventListenerProcessor
2021-06-22 22:45:23.532  INFO 3269 --- [restartedMain] c.example.demo.SpringIocAopApplication   : Bean名: org.springframework.context.event.internalEventListenerFactory
2021-06-22 22:45:23.532  INFO 3269 --- [restartedMain] c.example.demo.SpringIocAopApplication   : Bean名: springIocAopApplication
2021-06-22 22:45:23.532  INFO 3269 --- [restartedMain] c.example.demo.SpringIocAopApplication   : Bean名: org.springframework.boot.autoconfigure.internalCachingMetadataReaderFactory
2021-06-22 22:45:23.532  INFO 3269 --- [restartedMain] c.example.demo.SpringIocAopApplication   : Bean名: homeController
2021-06-22 22:45:23.532  INFO 3269 --- [restartedMain] c.example.demo.SpringIocAopApplication   : Bean名: scopeController
2021-06-22 22:45:23.532  INFO 3269 --- [restartedMain] c.example.demo.SpringIocAopApplication   : Bean名: org.springframework.boot.autoconfigure.AutoConfigurationPackages
2021-06-22 22:45:23.532  INFO 3269 --- [restartedMain] c.example.demo.SpringIocAopApplication   : Bean名: org.springframework.boot.autoconfigure.context.PropertyPlaceholderAutoConfiguration
2021-06-22 22:45:23.532  INFO 3269 --- [restartedMain] c.example.demo.SpringIocAopApplication   : Bean名: propertySourcesPlaceholderConfigurer
2021-06-22 22:45:23.532  INFO 3269 --- [restartedMain] c.example.demo.SpringIocAopApplication   : Bean名: org.springframework.boot.autoconfigure.websocket.servlet.WebSocketServletAutoConfiguration$TomcatWebSocketConfiguration
2021-06-22 22:45:23.532  INFO 3269 --- [restartedMain] c.example.demo.SpringIocAopApplication   : Bean名: websocketServletWebServerCustomizer
2021-06-22 22:45:23.532  INFO 3269 --- [restartedMain] c.example.demo.SpringIocAopApplication   : Bean名: org.springframework.boot.autoconfigure.websocket.servlet.WebSocketServletAutoConfiguration
2021-06-22 22:45:23.532  INFO 3269 --- [restartedMain] c.example.demo.SpringIocAopApplication   : Bean名: org.springframework.boot.autoconfigure.web.servlet.ServletWebServerFactoryConfiguration$EmbeddedTomcat
2021-06-22 22:45:23.532  INFO 3269 --- [restartedMain] c.example.demo.SpringIocAopApplication   : Bean名: tomcatServletWebServerFactory
2021-06-22 22:45:23.532  INFO 3269 --- [restartedMain] c.example.demo.SpringIocAopApplication   : Bean名: org.springframework.boot.autoconfigure.web.servlet.ServletWebServerFactoryAutoConfiguration
2021-06-22 22:45:23.532  INFO 3269 --- [restartedMain] c.example.demo.SpringIocAopApplication   : Bean名: servletWebServerFactoryCustomizer
2021-06-22 22:45:23.532  INFO 3269 --- [restartedMain] c.example.demo.SpringIocAopApplication   : Bean名: tomcatServletWebServerFactoryCustomizer
2021-06-22 22:45:23.532  INFO 3269 --- [restartedMain] c.example.demo.SpringIocAopApplication   : Bean名: org.springframework.boot.context.properties.ConfigurationPropertiesBindingPostProcessor
2021-06-22 22:45:23.532  INFO 3269 --- [restartedMain] c.example.demo.SpringIocAopApplication   : Bean名: org.springframework.boot.context.internalConfigurationPropertiesBinderFactory
2021-06-22 22:45:23.532  INFO 3269 --- [restartedMain] c.example.demo.SpringIocAopApplication   : Bean名: org.springframework.boot.context.internalConfigurationPropertiesBinder
2021-06-22 22:45:23.532  INFO 3269 --- [restartedMain] c.example.demo.SpringIocAopApplication   : Bean名: org.springframework.boot.context.properties.BoundConfigurationProperties
2021-06-22 22:45:23.532  INFO 3269 --- [restartedMain] c.example.demo.SpringIocAopApplication   : Bean名: org.springframework.boot.context.properties.EnableConfigurationPropertiesRegistrar.methodValidationExcludeFilter
2021-06-22 22:45:23.532  INFO 3269 --- [restartedMain] c.example.demo.SpringIocAopApplication   : Bean名: server-org.springframework.boot.autoconfigure.web.ServerProperties
2021-06-22 22:45:23.532  INFO 3269 --- [restartedMain] c.example.demo.SpringIocAopApplication   : Bean名: webServerFactoryCustomizerBeanPostProcessor
2021-06-22 22:45:23.532  INFO 3269 --- [restartedMain] c.example.demo.SpringIocAopApplication   : Bean名: errorPageRegistrarBeanPostProcessor
2021-06-22 22:45:23.532  INFO 3269 --- [restartedMain] c.example.demo.SpringIocAopApplication   : Bean名: org.springframework.boot.autoconfigure.web.servlet.DispatcherServletAutoConfiguration$DispatcherServletConfiguration
2021-06-22 22:45:23.532  INFO 3269 --- [restartedMain] c.example.demo.SpringIocAopApplication   : Bean名: dispatcherServlet
2021-06-22 22:45:23.532  INFO 3269 --- [restartedMain] c.example.demo.SpringIocAopApplication   : Bean名: spring.mvc-org.springframework.boot.autoconfigure.web.servlet.WebMvcProperties
2021-06-22 22:45:23.532  INFO 3269 --- [restartedMain] c.example.demo.SpringIocAopApplication   : Bean名: org.springframework.boot.autoconfigure.web.servlet.DispatcherServletAutoConfiguration$DispatcherServletRegistrationConfiguration
2021-06-22 22:45:23.532  INFO 3269 --- [restartedMain] c.example.demo.SpringIocAopApplication   : Bean名: dispatcherServletRegistration
2021-06-22 22:45:23.532  INFO 3269 --- [restartedMain] c.example.demo.SpringIocAopApplication   : Bean名: org.springframework.boot.autoconfigure.web.servlet.DispatcherServletAutoConfiguration
2021-06-22 22:45:23.532  INFO 3269 --- [restartedMain] c.example.demo.SpringIocAopApplication   : Bean名: org.springframework.boot.autoconfigure.task.TaskExecutionAutoConfiguration
2021-06-22 22:45:23.533  INFO 3269 --- [restartedMain] c.example.demo.SpringIocAopApplication   : Bean名: taskExecutorBuilder
2021-06-22 22:45:23.533  INFO 3269 --- [restartedMain] c.example.demo.SpringIocAopApplication   : Bean名: applicationTaskExecutor
2021-06-22 22:45:23.533  INFO 3269 --- [restartedMain] c.example.demo.SpringIocAopApplication   : Bean名: spring.task.execution-org.springframework.boot.autoconfigure.task.TaskExecutionProperties
2021-06-22 22:45:23.533  INFO 3269 --- [restartedMain] c.example.demo.SpringIocAopApplication   : Bean名: org.springframework.boot.autoconfigure.validation.ValidationAutoConfiguration
2021-06-22 22:45:23.533  INFO 3269 --- [restartedMain] c.example.demo.SpringIocAopApplication   : Bean名: defaultValidator
2021-06-22 22:45:23.533  INFO 3269 --- [restartedMain] c.example.demo.SpringIocAopApplication   : Bean名: methodValidationPostProcessor
2021-06-22 22:45:23.533  INFO 3269 --- [restartedMain] c.example.demo.SpringIocAopApplication   : Bean名: org.springframework.boot.autoconfigure.web.servlet.error.ErrorMvcAutoConfiguration$WhitelabelErrorViewConfiguration
2021-06-22 22:45:23.533  INFO 3269 --- [restartedMain] c.example.demo.SpringIocAopApplication   : Bean名: error
2021-06-22 22:45:23.533  INFO 3269 --- [restartedMain] c.example.demo.SpringIocAopApplication   : Bean名: beanNameViewResolver
2021-06-22 22:45:23.533  INFO 3269 --- [restartedMain] c.example.demo.SpringIocAopApplication   : Bean名: org.springframework.boot.autoconfigure.web.servlet.error.ErrorMvcAutoConfiguration$DefaultErrorViewResolverConfiguration
2021-06-22 22:45:23.533  INFO 3269 --- [restartedMain] c.example.demo.SpringIocAopApplication   : Bean名: conventionErrorViewResolver
2021-06-22 22:45:23.533  INFO 3269 --- [restartedMain] c.example.demo.SpringIocAopApplication   : Bean名: spring.resources-org.springframework.boot.autoconfigure.web.ResourceProperties
2021-06-22 22:45:23.533  INFO 3269 --- [restartedMain] c.example.demo.SpringIocAopApplication   : Bean名: spring.web-org.springframework.boot.autoconfigure.web.WebProperties
2021-06-22 22:45:23.533  INFO 3269 --- [restartedMain] c.example.demo.SpringIocAopApplication   : Bean名: org.springframework.boot.autoconfigure.web.servlet.error.ErrorMvcAutoConfiguration
2021-06-22 22:45:23.533  INFO 3269 --- [restartedMain] c.example.demo.SpringIocAopApplication   : Bean名: errorAttributes
2021-06-22 22:45:23.533  INFO 3269 --- [restartedMain] c.example.demo.SpringIocAopApplication   : Bean名: basicErrorController
2021-06-22 22:45:23.533  INFO 3269 --- [restartedMain] c.example.demo.SpringIocAopApplication   : Bean名: errorPageCustomizer
2021-06-22 22:45:23.533  INFO 3269 --- [restartedMain] c.example.demo.SpringIocAopApplication   : Bean名: preserveErrorControllerTargetClassPostProcessor
2021-06-22 22:45:23.533  INFO 3269 --- [restartedMain] c.example.demo.SpringIocAopApplication   : Bean名: org.springframework.boot.autoconfigure.web.servlet.WebMvcAutoConfiguration$EnableWebMvcConfiguration
2021-06-22 22:45:23.533  INFO 3269 --- [restartedMain] c.example.demo.SpringIocAopApplication   : Bean名: requestMappingHandlerAdapter
2021-06-22 22:45:23.533  INFO 3269 --- [restartedMain] c.example.demo.SpringIocAopApplication   : Bean名: requestMappingHandlerMapping
2021-06-22 22:45:23.533  INFO 3269 --- [restartedMain] c.example.demo.SpringIocAopApplication   : Bean名: welcomePageHandlerMapping
2021-06-22 22:45:23.533  INFO 3269 --- [restartedMain] c.example.demo.SpringIocAopApplication   : Bean名: localeResolver
2021-06-22 22:45:23.533  INFO 3269 --- [restartedMain] c.example.demo.SpringIocAopApplication   : Bean名: themeResolver
2021-06-22 22:45:23.533  INFO 3269 --- [restartedMain] c.example.demo.SpringIocAopApplication   : Bean名: flashMapManager
2021-06-22 22:45:23.534  INFO 3269 --- [restartedMain] c.example.demo.SpringIocAopApplication   : Bean名: mvcConversionService
2021-06-22 22:45:23.534  INFO 3269 --- [restartedMain] c.example.demo.SpringIocAopApplication   : Bean名: mvcValidator
2021-06-22 22:45:23.534  INFO 3269 --- [restartedMain] c.example.demo.SpringIocAopApplication   : Bean名: mvcContentNegotiationManager
2021-06-22 22:45:23.534  INFO 3269 --- [restartedMain] c.example.demo.SpringIocAopApplication   : Bean名: mvcPatternParser
2021-06-22 22:45:23.534  INFO 3269 --- [restartedMain] c.example.demo.SpringIocAopApplication   : Bean名: mvcUrlPathHelper
2021-06-22 22:45:23.534  INFO 3269 --- [restartedMain] c.example.demo.SpringIocAopApplication   : Bean名: mvcPathMatcher
2021-06-22 22:45:23.534  INFO 3269 --- [restartedMain] c.example.demo.SpringIocAopApplication   : Bean名: viewControllerHandlerMapping
2021-06-22 22:45:23.534  INFO 3269 --- [restartedMain] c.example.demo.SpringIocAopApplication   : Bean名: beanNameHandlerMapping
2021-06-22 22:45:23.534  INFO 3269 --- [restartedMain] c.example.demo.SpringIocAopApplication   : Bean名: routerFunctionMapping
2021-06-22 22:45:23.534  INFO 3269 --- [restartedMain] c.example.demo.SpringIocAopApplication   : Bean名: resourceHandlerMapping
2021-06-22 22:45:23.534  INFO 3269 --- [restartedMain] c.example.demo.SpringIocAopApplication   : Bean名: mvcResourceUrlProvider
2021-06-22 22:45:23.534  INFO 3269 --- [restartedMain] c.example.demo.SpringIocAopApplication   : Bean名: defaultServletHandlerMapping
2021-06-22 22:45:23.534  INFO 3269 --- [restartedMain] c.example.demo.SpringIocAopApplication   : Bean名: handlerFunctionAdapter
2021-06-22 22:45:23.534  INFO 3269 --- [restartedMain] c.example.demo.SpringIocAopApplication   : Bean名: mvcUriComponentsContributor
2021-06-22 22:45:23.534  INFO 3269 --- [restartedMain] c.example.demo.SpringIocAopApplication   : Bean名: httpRequestHandlerAdapter
2021-06-22 22:45:23.534  INFO 3269 --- [restartedMain] c.example.demo.SpringIocAopApplication   : Bean名: simpleControllerHandlerAdapter
2021-06-22 22:45:23.534  INFO 3269 --- [restartedMain] c.example.demo.SpringIocAopApplication   : Bean名: handlerExceptionResolver
2021-06-22 22:45:23.534  INFO 3269 --- [restartedMain] c.example.demo.SpringIocAopApplication   : Bean名: mvcViewResolver
2021-06-22 22:45:23.534  INFO 3269 --- [restartedMain] c.example.demo.SpringIocAopApplication   : Bean名: mvcHandlerMappingIntrospector
2021-06-22 22:45:23.534  INFO 3269 --- [restartedMain] c.example.demo.SpringIocAopApplication   : Bean名: viewNameTranslator
2021-06-22 22:45:23.534  INFO 3269 --- [restartedMain] c.example.demo.SpringIocAopApplication   : Bean名: org.springframework.boot.autoconfigure.web.servlet.WebMvcAutoConfiguration$WebMvcAutoConfigurationAdapter
2021-06-22 22:45:23.534  INFO 3269 --- [restartedMain] c.example.demo.SpringIocAopApplication   : Bean名: defaultViewResolver
2021-06-22 22:45:23.534  INFO 3269 --- [restartedMain] c.example.demo.SpringIocAopApplication   : Bean名: viewResolver
2021-06-22 22:45:23.534  INFO 3269 --- [restartedMain] c.example.demo.SpringIocAopApplication   : Bean名: requestContextFilter
2021-06-22 22:45:23.534  INFO 3269 --- [restartedMain] c.example.demo.SpringIocAopApplication   : Bean名: org.springframework.boot.autoconfigure.web.servlet.WebMvcAutoConfiguration
2021-06-22 22:45:23.534  INFO 3269 --- [restartedMain] c.example.demo.SpringIocAopApplication   : Bean名: formContentFilter
2021-06-22 22:45:23.534  INFO 3269 --- [restartedMain] c.example.demo.SpringIocAopApplication   : Bean名: org.springframework.boot.autoconfigure.jmx.JmxAutoConfiguration
2021-06-22 22:45:23.534  INFO 3269 --- [restartedMain] c.example.demo.SpringIocAopApplication   : Bean名: mbeanExporter
2021-06-22 22:45:23.534  INFO 3269 --- [restartedMain] c.example.demo.SpringIocAopApplication   : Bean名: objectNamingStrategy
2021-06-22 22:45:23.534  INFO 3269 --- [restartedMain] c.example.demo.SpringIocAopApplication   : Bean名: mbeanServer
2021-06-22 22:45:23.534  INFO 3269 --- [restartedMain] c.example.demo.SpringIocAopApplication   : Bean名: org.springframework.boot.autoconfigure.admin.SpringApplicationAdminJmxAutoConfiguration
2021-06-22 22:45:23.534  INFO 3269 --- [restartedMain] c.example.demo.SpringIocAopApplication   : Bean名: springApplicationAdminRegistrar
2021-06-22 22:45:23.534  INFO 3269 --- [restartedMain] c.example.demo.SpringIocAopApplication   : Bean名: org.springframework.boot.autoconfigure.aop.AopAutoConfiguration$AspectJAutoProxyingConfiguration$CglibAutoProxyConfiguration
2021-06-22 22:45:23.534  INFO 3269 --- [restartedMain] c.example.demo.SpringIocAopApplication   : Bean名: org.springframework.aop.config.internalAutoProxyCreator
2021-06-22 22:45:23.534  INFO 3269 --- [restartedMain] c.example.demo.SpringIocAopApplication   : Bean名: org.springframework.boot.autoconfigure.aop.AopAutoConfiguration$AspectJAutoProxyingConfiguration
2021-06-22 22:45:23.534  INFO 3269 --- [restartedMain] c.example.demo.SpringIocAopApplication   : Bean名: org.springframework.boot.autoconfigure.aop.AopAutoConfiguration
2021-06-22 22:45:23.534  INFO 3269 --- [restartedMain] c.example.demo.SpringIocAopApplication   : Bean名: org.springframework.boot.autoconfigure.availability.ApplicationAvailabilityAutoConfiguration
2021-06-22 22:45:23.534  INFO 3269 --- [restartedMain] c.example.demo.SpringIocAopApplication   : Bean名: applicationAvailability
2021-06-22 22:45:23.534  INFO 3269 --- [restartedMain] c.example.demo.SpringIocAopApplication   : Bean名: org.springframework.boot.autoconfigure.jackson.JacksonAutoConfiguration$Jackson2ObjectMapperBuilderCustomizerConfiguration
2021-06-22 22:45:23.534  INFO 3269 --- [restartedMain] c.example.demo.SpringIocAopApplication   : Bean名: standardJacksonObjectMapperBuilderCustomizer
2021-06-22 22:45:23.534  INFO 3269 --- [restartedMain] c.example.demo.SpringIocAopApplication   : Bean名: spring.jackson-org.springframework.boot.autoconfigure.jackson.JacksonProperties
2021-06-22 22:45:23.535  INFO 3269 --- [restartedMain] c.example.demo.SpringIocAopApplication   : Bean名: org.springframework.boot.autoconfigure.jackson.JacksonAutoConfiguration$JacksonObjectMapperBuilderConfiguration
2021-06-22 22:45:23.535  INFO 3269 --- [restartedMain] c.example.demo.SpringIocAopApplication   : Bean名: jacksonObjectMapperBuilder
2021-06-22 22:45:23.535  INFO 3269 --- [restartedMain] c.example.demo.SpringIocAopApplication   : Bean名: org.springframework.boot.autoconfigure.jackson.JacksonAutoConfiguration$ParameterNamesModuleConfiguration
2021-06-22 22:45:23.535  INFO 3269 --- [restartedMain] c.example.demo.SpringIocAopApplication   : Bean名: parameterNamesModule
2021-06-22 22:45:23.535  INFO 3269 --- [restartedMain] c.example.demo.SpringIocAopApplication   : Bean名: org.springframework.boot.autoconfigure.jackson.JacksonAutoConfiguration$JacksonObjectMapperConfiguration
2021-06-22 22:45:23.535  INFO 3269 --- [restartedMain] c.example.demo.SpringIocAopApplication   : Bean名: jacksonObjectMapper
2021-06-22 22:45:23.535  INFO 3269 --- [restartedMain] c.example.demo.SpringIocAopApplication   : Bean名: org.springframework.boot.autoconfigure.jackson.JacksonAutoConfiguration
2021-06-22 22:45:23.535  INFO 3269 --- [restartedMain] c.example.demo.SpringIocAopApplication   : Bean名: jsonComponentModule
2021-06-22 22:45:23.535  INFO 3269 --- [restartedMain] c.example.demo.SpringIocAopApplication   : Bean名: org.springframework.boot.autoconfigure.transaction.jta.JtaAutoConfiguration
2021-06-22 22:45:23.535  INFO 3269 --- [restartedMain] c.example.demo.SpringIocAopApplication   : Bean名: org.springframework.boot.autoconfigure.jdbc.DataSourceConfiguration$Hikari
2021-06-22 22:45:23.535  INFO 3269 --- [restartedMain] c.example.demo.SpringIocAopApplication   : Bean名: dataSource
2021-06-22 22:45:23.535  INFO 3269 --- [restartedMain] c.example.demo.SpringIocAopApplication   : Bean名: org.springframework.boot.autoconfigure.jdbc.DataSourceJmxConfiguration$Hikari
2021-06-22 22:45:23.535  INFO 3269 --- [restartedMain] c.example.demo.SpringIocAopApplication   : Bean名: org.springframework.boot.autoconfigure.jdbc.DataSourceJmxConfiguration
2021-06-22 22:45:23.535  INFO 3269 --- [restartedMain] c.example.demo.SpringIocAopApplication   : Bean名: org.springframework.boot.autoconfigure.jdbc.DataSourceAutoConfiguration$PooledDataSourceConfiguration
2021-06-22 22:45:23.535  INFO 3269 --- [restartedMain] c.example.demo.SpringIocAopApplication   : Bean名: org.springframework.boot.autoconfigure.jdbc.metadata.DataSourcePoolMetadataProvidersConfiguration$HikariPoolDataSourceMetadataProviderConfiguration
2021-06-22 22:45:23.535  INFO 3269 --- [restartedMain] c.example.demo.SpringIocAopApplication   : Bean名: hikariPoolDataSourceMetadataProvider
2021-06-22 22:45:23.535  INFO 3269 --- [restartedMain] c.example.demo.SpringIocAopApplication   : Bean名: org.springframework.boot.autoconfigure.jdbc.metadata.DataSourcePoolMetadataProvidersConfiguration
2021-06-22 22:45:23.535  INFO 3269 --- [restartedMain] c.example.demo.SpringIocAopApplication   : Bean名: org.springframework.boot.autoconfigure.jdbc.DataSourceAutoConfiguration
2021-06-22 22:45:23.535  INFO 3269 --- [restartedMain] c.example.demo.SpringIocAopApplication   : Bean名: spring.datasource-org.springframework.boot.autoconfigure.jdbc.DataSourceProperties
2021-06-22 22:45:23.535  INFO 3269 --- [restartedMain] c.example.demo.SpringIocAopApplication   : Bean名: org.springframework.boot.autoconfigure.orm.jpa.JpaBaseConfiguration$JpaWebConfiguration
2021-06-22 22:45:23.535  INFO 3269 --- [restartedMain] c.example.demo.SpringIocAopApplication   : Bean名: openEntityManagerInViewInterceptor
2021-06-22 22:45:23.535  INFO 3269 --- [restartedMain] c.example.demo.SpringIocAopApplication   : Bean名: openEntityManagerInViewInterceptorConfigurer
2021-06-22 22:45:23.535  INFO 3269 --- [restartedMain] c.example.demo.SpringIocAopApplication   : Bean名: org.springframework.boot.autoconfigure.orm.jpa.HibernateJpaConfiguration
2021-06-22 22:45:23.535  INFO 3269 --- [restartedMain] c.example.demo.SpringIocAopApplication   : Bean名: transactionManager
2021-06-22 22:45:23.535  INFO 3269 --- [restartedMain] c.example.demo.SpringIocAopApplication   : Bean名: jpaVendorAdapter
2021-06-22 22:45:23.535  INFO 3269 --- [restartedMain] c.example.demo.SpringIocAopApplication   : Bean名: entityManagerFactoryBuilder
2021-06-22 22:45:23.535  INFO 3269 --- [restartedMain] c.example.demo.SpringIocAopApplication   : Bean名: entityManagerFactory
2021-06-22 22:45:23.535  INFO 3269 --- [restartedMain] c.example.demo.SpringIocAopApplication   : Bean名: spring.jpa.hibernate-org.springframework.boot.autoconfigure.orm.jpa.HibernateProperties
2021-06-22 22:45:23.535  INFO 3269 --- [restartedMain] c.example.demo.SpringIocAopApplication   : Bean名: spring.jpa-org.springframework.boot.autoconfigure.orm.jpa.JpaProperties
2021-06-22 22:45:23.535  INFO 3269 --- [restartedMain] c.example.demo.SpringIocAopApplication   : Bean名: org.springframework.boot.autoconfigure.orm.jpa.HibernateJpaAutoConfiguration
2021-06-22 22:45:23.535  INFO 3269 --- [restartedMain] c.example.demo.SpringIocAopApplication   : Bean名: org.springframework.boot.autoconfigure.context.ConfigurationPropertiesAutoConfiguration
2021-06-22 22:45:23.535  INFO 3269 --- [restartedMain] c.example.demo.SpringIocAopApplication   : Bean名: org.springframework.boot.autoconfigure.context.LifecycleAutoConfiguration
2021-06-22 22:45:23.535  INFO 3269 --- [restartedMain] c.example.demo.SpringIocAopApplication   : Bean名: lifecycleProcessor
2021-06-22 22:45:23.535  INFO 3269 --- [restartedMain] c.example.demo.SpringIocAopApplication   : Bean名: spring.lifecycle-org.springframework.boot.autoconfigure.context.LifecycleProperties
2021-06-22 22:45:23.536  INFO 3269 --- [restartedMain] c.example.demo.SpringIocAopApplication   : Bean名: org.springframework.boot.autoconfigure.dao.PersistenceExceptionTranslationAutoConfiguration
2021-06-22 22:45:23.536  INFO 3269 --- [restartedMain] c.example.demo.SpringIocAopApplication   : Bean名: persistenceExceptionTranslationPostProcessor
2021-06-22 22:45:23.536  INFO 3269 --- [restartedMain] c.example.demo.SpringIocAopApplication   : Bean名: org.springframework.boot.autoconfigure.data.jpa.JpaRepositoriesAutoConfiguration
2021-06-22 22:45:23.536  INFO 3269 --- [restartedMain] c.example.demo.SpringIocAopApplication   : Bean名: emBeanDefinitionRegistrarPostProcessor
2021-06-22 22:45:23.536  INFO 3269 --- [restartedMain] c.example.demo.SpringIocAopApplication   : Bean名: jpaMappingContext
2021-06-22 22:45:23.536  INFO 3269 --- [restartedMain] c.example.demo.SpringIocAopApplication   : Bean名: jpaContext
2021-06-22 22:45:23.536  INFO 3269 --- [restartedMain] c.example.demo.SpringIocAopApplication   : Bean名: org.springframework.data.jpa.util.JpaMetamodelCacheCleanup
2021-06-22 22:45:23.536  INFO 3269 --- [restartedMain] c.example.demo.SpringIocAopApplication   : Bean名: org.springframework.data.jpa.repository.support.JpaEvaluationContextExtension
2021-06-22 22:45:23.536  INFO 3269 --- [restartedMain] c.example.demo.SpringIocAopApplication   : Bean名: coffeeRepository
2021-06-22 22:45:23.536  INFO 3269 --- [restartedMain] c.example.demo.SpringIocAopApplication   : Bean名: org.springframework.boot.autoconfigure.http.HttpMessageConvertersAutoConfiguration$StringHttpMessageConverterConfiguration
2021-06-22 22:45:23.536  INFO 3269 --- [restartedMain] c.example.demo.SpringIocAopApplication   : Bean名: stringHttpMessageConverter
2021-06-22 22:45:23.536  INFO 3269 --- [restartedMain] c.example.demo.SpringIocAopApplication   : Bean名: org.springframework.boot.autoconfigure.http.JacksonHttpMessageConvertersConfiguration$MappingJackson2HttpMessageConverterConfiguration
2021-06-22 22:45:23.536  INFO 3269 --- [restartedMain] c.example.demo.SpringIocAopApplication   : Bean名: mappingJackson2HttpMessageConverter
2021-06-22 22:45:23.536  INFO 3269 --- [restartedMain] c.example.demo.SpringIocAopApplication   : Bean名: org.springframework.boot.autoconfigure.http.JacksonHttpMessageConvertersConfiguration
2021-06-22 22:45:23.536  INFO 3269 --- [restartedMain] c.example.demo.SpringIocAopApplication   : Bean名: org.springframework.boot.autoconfigure.http.HttpMessageConvertersAutoConfiguration
2021-06-22 22:45:23.536  INFO 3269 --- [restartedMain] c.example.demo.SpringIocAopApplication   : Bean名: messageConverters
2021-06-22 22:45:23.536  INFO 3269 --- [restartedMain] c.example.demo.SpringIocAopApplication   : Bean名: org.springframework.data.web.config.ProjectingArgumentResolverRegistrar
2021-06-22 22:45:23.536  INFO 3269 --- [restartedMain] c.example.demo.SpringIocAopApplication   : Bean名: projectingArgumentResolverBeanPostProcessor
2021-06-22 22:45:23.536  INFO 3269 --- [restartedMain] c.example.demo.SpringIocAopApplication   : Bean名: org.springframework.data.web.config.SpringDataWebConfiguration
2021-06-22 22:45:23.536  INFO 3269 --- [restartedMain] c.example.demo.SpringIocAopApplication   : Bean名: pageableResolver
2021-06-22 22:45:23.536  INFO 3269 --- [restartedMain] c.example.demo.SpringIocAopApplication   : Bean名: sortResolver
2021-06-22 22:45:23.536  INFO 3269 --- [restartedMain] c.example.demo.SpringIocAopApplication   : Bean名: org.springframework.data.web.config.SpringDataJacksonConfiguration
2021-06-22 22:45:23.536  INFO 3269 --- [restartedMain] c.example.demo.SpringIocAopApplication   : Bean名: jacksonGeoModule
2021-06-22 22:45:23.536  INFO 3269 --- [restartedMain] c.example.demo.SpringIocAopApplication   : Bean名: org.springframework.boot.autoconfigure.data.web.SpringDataWebAutoConfiguration
2021-06-22 22:45:23.536  INFO 3269 --- [restartedMain] c.example.demo.SpringIocAopApplication   : Bean名: pageableCustomizer
2021-06-22 22:45:23.536  INFO 3269 --- [restartedMain] c.example.demo.SpringIocAopApplication   : Bean名: sortCustomizer
2021-06-22 22:45:23.536  INFO 3269 --- [restartedMain] c.example.demo.SpringIocAopApplication   : Bean名: spring.data.web-org.springframework.boot.autoconfigure.data.web.SpringDataWebProperties
2021-06-22 22:45:23.536  INFO 3269 --- [restartedMain] c.example.demo.SpringIocAopApplication   : Bean名: org.springframework.boot.autoconfigure.h2.H2ConsoleAutoConfiguration
2021-06-22 22:45:23.536  INFO 3269 --- [restartedMain] c.example.demo.SpringIocAopApplication   : Bean名: h2Console
2021-06-22 22:45:23.536  INFO 3269 --- [restartedMain] c.example.demo.SpringIocAopApplication   : Bean名: spring.h2.console-org.springframework.boot.autoconfigure.h2.H2ConsoleProperties
2021-06-22 22:45:23.536  INFO 3269 --- [restartedMain] c.example.demo.SpringIocAopApplication   : Bean名: org.springframework.boot.autoconfigure.info.ProjectInfoAutoConfiguration
2021-06-22 22:45:23.536  INFO 3269 --- [restartedMain] c.example.demo.SpringIocAopApplication   : Bean名: spring.info-org.springframework.boot.autoconfigure.info.ProjectInfoProperties
2021-06-22 22:45:23.536  INFO 3269 --- [restartedMain] c.example.demo.SpringIocAopApplication   : Bean名: org.springframework.boot.autoconfigure.jdbc.JdbcTemplateConfiguration
2021-06-22 22:45:23.536  INFO 3269 --- [restartedMain] c.example.demo.SpringIocAopApplication   : Bean名: jdbcTemplate
2021-06-22 22:45:23.536  INFO 3269 --- [restartedMain] c.example.demo.SpringIocAopApplication   : Bean名: org.springframework.boot.autoconfigure.jdbc.NamedParameterJdbcTemplateConfiguration
2021-06-22 22:45:23.536  INFO 3269 --- [restartedMain] c.example.demo.SpringIocAopApplication   : Bean名: namedParameterJdbcTemplate
2021-06-22 22:45:23.536  INFO 3269 --- [restartedMain] c.example.demo.SpringIocAopApplication   : Bean名: org.springframework.boot.autoconfigure.jdbc.JdbcTemplateAutoConfiguration
2021-06-22 22:45:23.536  INFO 3269 --- [restartedMain] c.example.demo.SpringIocAopApplication   : Bean名: spring.jdbc-org.springframework.boot.autoconfigure.jdbc.JdbcProperties
2021-06-22 22:45:23.536  INFO 3269 --- [restartedMain] c.example.demo.SpringIocAopApplication   : Bean名: org.springframework.boot.sql.init.dependency.DatabaseInitializationDependencyConfigurer$DependsOnDatabaseInitializationPostProcessor
2021-06-22 22:45:23.536  INFO 3269 --- [restartedMain] c.example.demo.SpringIocAopApplication   : Bean名: org.springframework.boot.autoconfigure.sql.init.DataSourceInitializationConfiguration
2021-06-22 22:45:23.536  INFO 3269 --- [restartedMain] c.example.demo.SpringIocAopApplication   : Bean名: dataSourceScriptDatabaseInitializer
2021-06-22 22:45:23.536  INFO 3269 --- [restartedMain] c.example.demo.SpringIocAopApplication   : Bean名: org.springframework.boot.autoconfigure.sql.init.SqlInitializationAutoConfiguration
2021-06-22 22:45:23.536  INFO 3269 --- [restartedMain] c.example.demo.SpringIocAopApplication   : Bean名: spring.sql.init-org.springframework.boot.autoconfigure.sql.init.SqlInitializationProperties
2021-06-22 22:45:23.536  INFO 3269 --- [restartedMain] c.example.demo.SpringIocAopApplication   : Bean名: org.springframework.boot.autoconfigure.task.TaskSchedulingAutoConfiguration
2021-06-22 22:45:23.536  INFO 3269 --- [restartedMain] c.example.demo.SpringIocAopApplication   : Bean名: scheduledBeanLazyInitializationExcludeFilter
2021-06-22 22:45:23.536  INFO 3269 --- [restartedMain] c.example.demo.SpringIocAopApplication   : Bean名: taskSchedulerBuilder
2021-06-22 22:45:23.536  INFO 3269 --- [restartedMain] c.example.demo.SpringIocAopApplication   : Bean名: spring.task.scheduling-org.springframework.boot.autoconfigure.task.TaskSchedulingProperties
2021-06-22 22:45:23.536  INFO 3269 --- [restartedMain] c.example.demo.SpringIocAopApplication   : Bean名: org.springframework.boot.autoconfigure.thymeleaf.ThymeleafAutoConfiguration$ThymeleafJava8TimeDialect
2021-06-22 22:45:23.536  INFO 3269 --- [restartedMain] c.example.demo.SpringIocAopApplication   : Bean名: java8TimeDialect
2021-06-22 22:45:23.536  INFO 3269 --- [restartedMain] c.example.demo.SpringIocAopApplication   : Bean名: org.springframework.boot.autoconfigure.thymeleaf.ThymeleafAutoConfiguration$ThymeleafWebMvcConfiguration$ThymeleafViewResolverConfiguration
2021-06-22 22:45:23.536  INFO 3269 --- [restartedMain] c.example.demo.SpringIocAopApplication   : Bean名: thymeleafViewResolver
2021-06-22 22:45:23.536  INFO 3269 --- [restartedMain] c.example.demo.SpringIocAopApplication   : Bean名: org.springframework.boot.autoconfigure.thymeleaf.ThymeleafAutoConfiguration$ThymeleafWebMvcConfiguration
2021-06-22 22:45:23.536  INFO 3269 --- [restartedMain] c.example.demo.SpringIocAopApplication   : Bean名: org.springframework.boot.autoconfigure.thymeleaf.ThymeleafAutoConfiguration$ThymeleafDefaultConfiguration
2021-06-22 22:45:23.537  INFO 3269 --- [restartedMain] c.example.demo.SpringIocAopApplication   : Bean名: templateEngine
2021-06-22 22:45:23.537  INFO 3269 --- [restartedMain] c.example.demo.SpringIocAopApplication   : Bean名: org.springframework.boot.autoconfigure.thymeleaf.ThymeleafAutoConfiguration$DefaultTemplateResolverConfiguration
2021-06-22 22:45:23.537  INFO 3269 --- [restartedMain] c.example.demo.SpringIocAopApplication   : Bean名: defaultTemplateResolver
2021-06-22 22:45:23.537  INFO 3269 --- [restartedMain] c.example.demo.SpringIocAopApplication   : Bean名: org.springframework.boot.autoconfigure.thymeleaf.ThymeleafAutoConfiguration
2021-06-22 22:45:23.537  INFO 3269 --- [restartedMain] c.example.demo.SpringIocAopApplication   : Bean名: spring.thymeleaf-org.springframework.boot.autoconfigure.thymeleaf.ThymeleafProperties
2021-06-22 22:45:23.537  INFO 3269 --- [restartedMain] c.example.demo.SpringIocAopApplication   : Bean名: org.springframework.boot.autoconfigure.jdbc.DataSourceTransactionManagerAutoConfiguration$JdbcTransactionManagerConfiguration
2021-06-22 22:45:23.537  INFO 3269 --- [restartedMain] c.example.demo.SpringIocAopApplication   : Bean名: org.springframework.boot.autoconfigure.jdbc.DataSourceTransactionManagerAutoConfiguration
2021-06-22 22:45:23.537  INFO 3269 --- [restartedMain] c.example.demo.SpringIocAopApplication   : Bean名: org.springframework.transaction.annotation.ProxyTransactionManagementConfiguration
2021-06-22 22:45:23.537  INFO 3269 --- [restartedMain] c.example.demo.SpringIocAopApplication   : Bean名: org.springframework.transaction.config.internalTransactionAdvisor
2021-06-22 22:45:23.537  INFO 3269 --- [restartedMain] c.example.demo.SpringIocAopApplication   : Bean名: transactionAttributeSource
2021-06-22 22:45:23.537  INFO 3269 --- [restartedMain] c.example.demo.SpringIocAopApplication   : Bean名: transactionInterceptor
2021-06-22 22:45:23.537  INFO 3269 --- [restartedMain] c.example.demo.SpringIocAopApplication   : Bean名: org.springframework.transaction.config.internalTransactionalEventListenerFactory
2021-06-22 22:45:23.537  INFO 3269 --- [restartedMain] c.example.demo.SpringIocAopApplication   : Bean名: org.springframework.boot.autoconfigure.transaction.TransactionAutoConfiguration$EnableTransactionManagementConfiguration$CglibAutoProxyConfiguration
2021-06-22 22:45:23.537  INFO 3269 --- [restartedMain] c.example.demo.SpringIocAopApplication   : Bean名: org.springframework.boot.autoconfigure.transaction.TransactionAutoConfiguration$EnableTransactionManagementConfiguration
2021-06-22 22:45:23.537  INFO 3269 --- [restartedMain] c.example.demo.SpringIocAopApplication   : Bean名: org.springframework.boot.autoconfigure.transaction.TransactionAutoConfiguration$TransactionTemplateConfiguration
2021-06-22 22:45:23.537  INFO 3269 --- [restartedMain] c.example.demo.SpringIocAopApplication   : Bean名: transactionTemplate
2021-06-22 22:45:23.537  INFO 3269 --- [restartedMain] c.example.demo.SpringIocAopApplication   : Bean名: org.springframework.boot.autoconfigure.transaction.TransactionAutoConfiguration
2021-06-22 22:45:23.537  INFO 3269 --- [restartedMain] c.example.demo.SpringIocAopApplication   : Bean名: platformTransactionManagerCustomizers
2021-06-22 22:45:23.537  INFO 3269 --- [restartedMain] c.example.demo.SpringIocAopApplication   : Bean名: spring.transaction-org.springframework.boot.autoconfigure.transaction.TransactionProperties
2021-06-22 22:45:23.537  INFO 3269 --- [restartedMain] c.example.demo.SpringIocAopApplication   : Bean名: org.springframework.boot.autoconfigure.web.client.RestTemplateAutoConfiguration
2021-06-22 22:45:23.537  INFO 3269 --- [restartedMain] c.example.demo.SpringIocAopApplication   : Bean名: restTemplateBuilderConfigurer
2021-06-22 22:45:23.537  INFO 3269 --- [restartedMain] c.example.demo.SpringIocAopApplication   : Bean名: restTemplateBuilder
2021-06-22 22:45:23.537  INFO 3269 --- [restartedMain] c.example.demo.SpringIocAopApplication   : Bean名: org.springframework.boot.autoconfigure.web.embedded.EmbeddedWebServerFactoryCustomizerAutoConfiguration$TomcatWebServerFactoryCustomizerConfiguration
2021-06-22 22:45:23.537  INFO 3269 --- [restartedMain] c.example.demo.SpringIocAopApplication   : Bean名: tomcatWebServerFactoryCustomizer
2021-06-22 22:45:23.537  INFO 3269 --- [restartedMain] c.example.demo.SpringIocAopApplication   : Bean名: org.springframework.boot.autoconfigure.web.embedded.EmbeddedWebServerFactoryCustomizerAutoConfiguration
2021-06-22 22:45:23.537  INFO 3269 --- [restartedMain] c.example.demo.SpringIocAopApplication   : Bean名: org.springframework.boot.autoconfigure.web.servlet.HttpEncodingAutoConfiguration
2021-06-22 22:45:23.537  INFO 3269 --- [restartedMain] c.example.demo.SpringIocAopApplication   : Bean名: characterEncodingFilter
2021-06-22 22:45:23.537  INFO 3269 --- [restartedMain] c.example.demo.SpringIocAopApplication   : Bean名: localeCharsetMappingsCustomizer
2021-06-22 22:45:23.537  INFO 3269 --- [restartedMain] c.example.demo.SpringIocAopApplication   : Bean名: org.springframework.boot.autoconfigure.web.servlet.MultipartAutoConfiguration
2021-06-22 22:45:23.537  INFO 3269 --- [restartedMain] c.example.demo.SpringIocAopApplication   : Bean名: multipartConfigElement
2021-06-22 22:45:23.537  INFO 3269 --- [restartedMain] c.example.demo.SpringIocAopApplication   : Bean名: multipartResolver
2021-06-22 22:45:23.537  INFO 3269 --- [restartedMain] c.example.demo.SpringIocAopApplication   : Bean名: spring.servlet.multipart-org.springframework.boot.autoconfigure.web.servlet.MultipartProperties
2021-06-22 22:45:23.537  INFO 3269 --- [restartedMain] c.example.demo.SpringIocAopApplication   : Bean名: org.springframework.boot.devtools.autoconfigure.DevToolsDataSourceAutoConfiguration$DatabaseShutdownExecutorEntityManagerFactoryDependsOnPostProcessor
2021-06-22 22:45:23.537  INFO 3269 --- [restartedMain] c.example.demo.SpringIocAopApplication   : Bean名: org.springframework.boot.devtools.autoconfigure.DevToolsDataSourceAutoConfiguration
2021-06-22 22:45:23.537  INFO 3269 --- [restartedMain] c.example.demo.SpringIocAopApplication   : Bean名: inMemoryDatabaseShutdownExecutor
2021-06-22 22:45:23.537  INFO 3269 --- [restartedMain] c.example.demo.SpringIocAopApplication   : Bean名: org.springframework.boot.devtools.autoconfigure.LocalDevToolsAutoConfiguration$RestartConfiguration
2021-06-22 22:45:23.537  INFO 3269 --- [restartedMain] c.example.demo.SpringIocAopApplication   : Bean名: restartingClassPathChangedEventListener
2021-06-22 22:45:23.537  INFO 3269 --- [restartedMain] c.example.demo.SpringIocAopApplication   : Bean名: classPathFileSystemWatcher
2021-06-22 22:45:23.537  INFO 3269 --- [restartedMain] c.example.demo.SpringIocAopApplication   : Bean名: classPathRestartStrategy
2021-06-22 22:45:23.537  INFO 3269 --- [restartedMain] c.example.demo.SpringIocAopApplication   : Bean名: fileSystemWatcherFactory
2021-06-22 22:45:23.537  INFO 3269 --- [restartedMain] c.example.demo.SpringIocAopApplication   : Bean名: conditionEvaluationDeltaLoggingListener
2021-06-22 22:45:23.537  INFO 3269 --- [restartedMain] c.example.demo.SpringIocAopApplication   : Bean名: org.springframework.boot.devtools.autoconfigure.LocalDevToolsAutoConfiguration$LiveReloadConfiguration
2021-06-22 22:45:23.537  INFO 3269 --- [restartedMain] c.example.demo.SpringIocAopApplication   : Bean名: liveReloadServer
2021-06-22 22:45:23.537  INFO 3269 --- [restartedMain] c.example.demo.SpringIocAopApplication   : Bean名: optionalLiveReloadServer
2021-06-22 22:45:23.537  INFO 3269 --- [restartedMain] c.example.demo.SpringIocAopApplication   : Bean名: liveReloadServerEventListener
2021-06-22 22:45:23.537  INFO 3269 --- [restartedMain] c.example.demo.SpringIocAopApplication   : Bean名: org.springframework.boot.devtools.autoconfigure.LocalDevToolsAutoConfiguration
2021-06-22 22:45:23.538  INFO 3269 --- [restartedMain] c.example.demo.SpringIocAopApplication   : Bean名: spring.devtools-org.springframework.boot.devtools.autoconfigure.DevToolsProperties
2021-06-22 22:45:23.538  INFO 3269 --- [restartedMain] c.example.demo.SpringIocAopApplication   : Bean名: org.springframework.orm.jpa.SharedEntityManagerCreator#0
2021-06-22 22:45:23.538  INFO 3269 --- [restartedMain] .ConditionEvaluationDeltaLoggingListener : Condition evaluation unchanged
2021-06-22 22:46:12.309  INFO 3269 --- [Thread-12] j.LocalContainerEntityManagerFactoryBean : Closing JPA EntityManagerFactory for persistence unit 'default'
2021-06-22 22:46:12.511  WARN 3269 --- [Thread-12] o.s.b.f.support.DisposableBeanAdapter    : Invocation of destroy method failed on bean with name 'inMemoryDatabaseShutdownExecutor': org.h2.jdbc.JdbcSQLNonTransientConnectionException: データベースはすでに閉じられています (VM終了時の自動データベースクローズを無効にするためには、db URLに ";DB_CLOSE_ON_EXIT=FALSE" を追加してください)
Database is already closed (to disable automatic closing at VM shutdown, add ";DB_CLOSE_ON_EXIT=FALSE" to the db URL) [90121-200]
2021-06-22 22:46:12.512  INFO 3269 --- [Thread-12] com.zaxxer.hikari.HikariDataSource       : HikariPool-3 - Shutdown initiated...
2021-06-22 22:46:12.514  INFO 3269 --- [Thread-12] com.zaxxer.hikari.HikariDataSource       : HikariPool-3 - Shutdown completed.
2021-06-22 22:46:12.580  INFO 3269 --- [restartedMain] c.example.demo.SpringIocAopApplication   : Starting SpringIocAopApplication using Java 15.0.2 on hirosehirotakanoMacBook-Pro.local with PID 3269 (/Users/hirosehirotaka/Documents/workspace-spring-tool-suite-4-4.10.0.RELEASE/spring-ioc-aop/target/classes started by hirosehirotaka in /Users/hirosehirotaka/Documents/workspace-spring-tool-suite-4-4.10.0.RELEASE/spring-ioc-aop)
2021-06-22 22:46:12.581 DEBUG 3269 --- [restartedMain] c.example.demo.SpringIocAopApplication   : Running with Spring Boot v2.5.1, Spring v5.3.8
2021-06-22 22:46:12.581  INFO 3269 --- [restartedMain] c.example.demo.SpringIocAopApplication   : No active profile set, falling back to default profiles: default
2021-06-22 22:46:12.716  INFO 3269 --- [restartedMain] .s.d.r.c.RepositoryConfigurationDelegate : Bootstrapping Spring Data JPA repositories in DEFAULT mode.
2021-06-22 22:46:12.721  INFO 3269 --- [restartedMain] .s.d.r.c.RepositoryConfigurationDelegate : Finished Spring Data repository scanning in 4 ms. Found 1 JPA repository interfaces.
2021-06-22 22:46:12.771  INFO 3269 --- [restartedMain] o.s.b.w.embedded.tomcat.TomcatWebServer  : Tomcat initialized with port(s): 8080 (http)
2021-06-22 22:46:12.772  INFO 3269 --- [restartedMain] o.apache.catalina.core.StandardService   : Starting service [Tomcat]
2021-06-22 22:46:12.772  INFO 3269 --- [restartedMain] org.apache.catalina.core.StandardEngine  : Starting Servlet engine: [Apache Tomcat/9.0.46]
2021-06-22 22:46:12.779  INFO 3269 --- [restartedMain] o.a.c.c.C.[Tomcat].[localhost].[/]       : Initializing Spring embedded WebApplicationContext
2021-06-22 22:46:12.779  INFO 3269 --- [restartedMain] w.s.c.ServletWebServerApplicationContext : Root WebApplicationContext: initialization completed in 197 ms
2021-06-22 22:46:12.787  INFO 3269 --- [restartedMain] com.zaxxer.hikari.HikariDataSource       : HikariPool-4 - Starting...
2021-06-22 22:46:12.789  INFO 3269 --- [restartedMain] com.zaxxer.hikari.HikariDataSource       : HikariPool-4 - Start completed.
2021-06-22 22:46:12.789  INFO 3269 --- [restartedMain] o.s.b.a.h2.H2ConsoleAutoConfiguration    : H2 console available at '/h2-console'. Database available at 'jdbc:h2:mem:383df3fa-e536-494e-9839-aedc50ea1416'
2021-06-22 22:46:12.803  INFO 3269 --- [restartedMain] o.hibernate.jpa.internal.util.LogHelper  : HHH000204: Processing PersistenceUnitInfo [name: default]
2021-06-22 22:46:12.805  INFO 3269 --- [restartedMain] org.hibernate.dialect.Dialect            : HHH000400: Using dialect: org.hibernate.dialect.H2Dialect
2021-06-22 22:46:12.820  INFO 3269 --- [restartedMain] o.h.e.t.j.p.i.JtaPlatformInitiator       : HHH000490: Using JtaPlatform implementation: [org.hibernate.engine.transaction.jta.platform.internal.NoJtaPlatform]
2021-06-22 22:46:12.820  INFO 3269 --- [restartedMain] j.LocalContainerEntityManagerFactoryBean : Initialized JPA EntityManagerFactory for persistence unit 'default'
2021-06-22 22:46:12.832  WARN 3269 --- [restartedMain] JpaBaseConfiguration$JpaWebConfiguration : spring.jpa.open-in-view is enabled by default. Therefore, database queries may be performed during view rendering. Explicitly configure spring.jpa.open-in-view to disable this warning
2021-06-22 22:46:12.863  INFO 3269 --- [restartedMain] o.s.b.a.w.s.WelcomePageHandlerMapping    : Adding welcome page template: index
2021-06-22 22:46:12.942  WARN 3269 --- [restartedMain] o.s.b.d.a.OptionalLiveReloadServer       : Unable to start LiveReload server
2021-06-22 22:46:12.951  INFO 3269 --- [restartedMain] o.s.b.w.embedded.tomcat.TomcatWebServer  : Tomcat started on port(s): 8080 (http) with context path ''
2021-06-22 22:46:12.954  INFO 3269 --- [restartedMain] c.example.demo.SpringIocAopApplication   : Started SpringIocAopApplication in 0.393 seconds (JVM running for 286.368)
2021-06-22 22:46:12.955  INFO 3269 --- [restartedMain] c.example.demo.SpringIocAopApplication   : Bean名: org.springframework.context.annotation.internalConfigurationAnnotationProcessor
2021-06-22 22:46:12.955  INFO 3269 --- [restartedMain] c.example.demo.SpringIocAopApplication   : Bean名: org.springframework.context.annotation.internalAutowiredAnnotationProcessor
2021-06-22 22:46:12.955  INFO 3269 --- [restartedMain] c.example.demo.SpringIocAopApplication   : Bean名: org.springframework.context.annotation.internalCommonAnnotationProcessor
2021-06-22 22:46:12.955  INFO 3269 --- [restartedMain] c.example.demo.SpringIocAopApplication   : Bean名: org.springframework.context.annotation.internalPersistenceAnnotationProcessor
2021-06-22 22:46:12.955  INFO 3269 --- [restartedMain] c.example.demo.SpringIocAopApplication   : Bean名: org.springframework.context.event.internalEventListenerProcessor
2021-06-22 22:46:12.955  INFO 3269 --- [restartedMain] c.example.demo.SpringIocAopApplication   : Bean名: org.springframework.context.event.internalEventListenerFactory
2021-06-22 22:46:12.955  INFO 3269 --- [restartedMain] c.example.demo.SpringIocAopApplication   : Bean名: springIocAopApplication
2021-06-22 22:46:12.955  INFO 3269 --- [restartedMain] c.example.demo.SpringIocAopApplication   : Bean名: org.springframework.boot.autoconfigure.internalCachingMetadataReaderFactory
2021-06-22 22:46:12.955  INFO 3269 --- [restartedMain] c.example.demo.SpringIocAopApplication   : Bean名: homeController
2021-06-22 22:46:12.955  INFO 3269 --- [restartedMain] c.example.demo.SpringIocAopApplication   : Bean名: scopeController
2021-06-22 22:46:12.955  INFO 3269 --- [restartedMain] c.example.demo.SpringIocAopApplication   : Bean名: org.springframework.boot.autoconfigure.AutoConfigurationPackages
2021-06-22 22:46:12.955  INFO 3269 --- [restartedMain] c.example.demo.SpringIocAopApplication   : Bean名: org.springframework.boot.autoconfigure.context.PropertyPlaceholderAutoConfiguration
2021-06-22 22:46:12.955  INFO 3269 --- [restartedMain] c.example.demo.SpringIocAopApplication   : Bean名: propertySourcesPlaceholderConfigurer
2021-06-22 22:46:12.955  INFO 3269 --- [restartedMain] c.example.demo.SpringIocAopApplication   : Bean名: org.springframework.boot.autoconfigure.websocket.servlet.WebSocketServletAutoConfiguration$TomcatWebSocketConfiguration
2021-06-22 22:46:12.956  INFO 3269 --- [restartedMain] c.example.demo.SpringIocAopApplication   : Bean名: websocketServletWebServerCustomizer
2021-06-22 22:46:12.956  INFO 3269 --- [restartedMain] c.example.demo.SpringIocAopApplication   : Bean名: org.springframework.boot.autoconfigure.websocket.servlet.WebSocketServletAutoConfiguration
2021-06-22 22:46:12.956  INFO 3269 --- [restartedMain] c.example.demo.SpringIocAopApplication   : Bean名: org.springframework.boot.autoconfigure.web.servlet.ServletWebServerFactoryConfiguration$EmbeddedTomcat
2021-06-22 22:46:12.956  INFO 3269 --- [restartedMain] c.example.demo.SpringIocAopApplication   : Bean名: tomcatServletWebServerFactory
2021-06-22 22:46:12.956  INFO 3269 --- [restartedMain] c.example.demo.SpringIocAopApplication   : Bean名: org.springframework.boot.autoconfigure.web.servlet.ServletWebServerFactoryAutoConfiguration
2021-06-22 22:46:12.956  INFO 3269 --- [restartedMain] c.example.demo.SpringIocAopApplication   : Bean名: servletWebServerFactoryCustomizer
2021-06-22 22:46:12.956  INFO 3269 --- [restartedMain] c.example.demo.SpringIocAopApplication   : Bean名: tomcatServletWebServerFactoryCustomizer
2021-06-22 22:46:12.956  INFO 3269 --- [restartedMain] c.example.demo.SpringIocAopApplication   : Bean名: org.springframework.boot.context.properties.ConfigurationPropertiesBindingPostProcessor
2021-06-22 22:46:12.956  INFO 3269 --- [restartedMain] c.example.demo.SpringIocAopApplication   : Bean名: org.springframework.boot.context.internalConfigurationPropertiesBinderFactory
2021-06-22 22:46:12.956  INFO 3269 --- [restartedMain] c.example.demo.SpringIocAopApplication   : Bean名: org.springframework.boot.context.internalConfigurationPropertiesBinder
2021-06-22 22:46:12.956  INFO 3269 --- [restartedMain] c.example.demo.SpringIocAopApplication   : Bean名: org.springframework.boot.context.properties.BoundConfigurationProperties
2021-06-22 22:46:12.956  INFO 3269 --- [restartedMain] c.example.demo.SpringIocAopApplication   : Bean名: org.springframework.boot.context.properties.EnableConfigurationPropertiesRegistrar.methodValidationExcludeFilter
2021-06-22 22:46:12.956  INFO 3269 --- [restartedMain] c.example.demo.SpringIocAopApplication   : Bean名: server-org.springframework.boot.autoconfigure.web.ServerProperties
2021-06-22 22:46:12.956  INFO 3269 --- [restartedMain] c.example.demo.SpringIocAopApplication   : Bean名: webServerFactoryCustomizerBeanPostProcessor
2021-06-22 22:46:12.956  INFO 3269 --- [restartedMain] c.example.demo.SpringIocAopApplication   : Bean名: errorPageRegistrarBeanPostProcessor
2021-06-22 22:46:12.956  INFO 3269 --- [restartedMain] c.example.demo.SpringIocAopApplication   : Bean名: org.springframework.boot.autoconfigure.web.servlet.DispatcherServletAutoConfiguration$DispatcherServletConfiguration
2021-06-22 22:46:12.956  INFO 3269 --- [restartedMain] c.example.demo.SpringIocAopApplication   : Bean名: dispatcherServlet
2021-06-22 22:46:12.956  INFO 3269 --- [restartedMain] c.example.demo.SpringIocAopApplication   : Bean名: spring.mvc-org.springframework.boot.autoconfigure.web.servlet.WebMvcProperties
2021-06-22 22:46:12.956  INFO 3269 --- [restartedMain] c.example.demo.SpringIocAopApplication   : Bean名: org.springframework.boot.autoconfigure.web.servlet.DispatcherServletAutoConfiguration$DispatcherServletRegistrationConfiguration
2021-06-22 22:46:12.956  INFO 3269 --- [restartedMain] c.example.demo.SpringIocAopApplication   : Bean名: dispatcherServletRegistration
2021-06-22 22:46:12.956  INFO 3269 --- [restartedMain] c.example.demo.SpringIocAopApplication   : Bean名: org.springframework.boot.autoconfigure.web.servlet.DispatcherServletAutoConfiguration
2021-06-22 22:46:12.956  INFO 3269 --- [restartedMain] c.example.demo.SpringIocAopApplication   : Bean名: org.springframework.boot.autoconfigure.task.TaskExecutionAutoConfiguration
2021-06-22 22:46:12.956  INFO 3269 --- [restartedMain] c.example.demo.SpringIocAopApplication   : Bean名: taskExecutorBuilder
2021-06-22 22:46:12.956  INFO 3269 --- [restartedMain] c.example.demo.SpringIocAopApplication   : Bean名: applicationTaskExecutor
2021-06-22 22:46:12.956  INFO 3269 --- [restartedMain] c.example.demo.SpringIocAopApplication   : Bean名: spring.task.execution-org.springframework.boot.autoconfigure.task.TaskExecutionProperties
2021-06-22 22:46:12.956  INFO 3269 --- [restartedMain] c.example.demo.SpringIocAopApplication   : Bean名: org.springframework.boot.autoconfigure.validation.ValidationAutoConfiguration
2021-06-22 22:46:12.956  INFO 3269 --- [restartedMain] c.example.demo.SpringIocAopApplication   : Bean名: defaultValidator
2021-06-22 22:46:12.956  INFO 3269 --- [restartedMain] c.example.demo.SpringIocAopApplication   : Bean名: methodValidationPostProcessor
2021-06-22 22:46:12.956  INFO 3269 --- [restartedMain] c.example.demo.SpringIocAopApplication   : Bean名: org.springframework.boot.autoconfigure.web.servlet.error.ErrorMvcAutoConfiguration$WhitelabelErrorViewConfiguration
2021-06-22 22:46:12.956  INFO 3269 --- [restartedMain] c.example.demo.SpringIocAopApplication   : Bean名: error
2021-06-22 22:46:12.956  INFO 3269 --- [restartedMain] c.example.demo.SpringIocAopApplication   : Bean名: beanNameViewResolver
2021-06-22 22:46:12.956  INFO 3269 --- [restartedMain] c.example.demo.SpringIocAopApplication   : Bean名: org.springframework.boot.autoconfigure.web.servlet.error.ErrorMvcAutoConfiguration$DefaultErrorViewResolverConfiguration
2021-06-22 22:46:12.956  INFO 3269 --- [restartedMain] c.example.demo.SpringIocAopApplication   : Bean名: conventionErrorViewResolver
2021-06-22 22:46:12.956  INFO 3269 --- [restartedMain] c.example.demo.SpringIocAopApplication   : Bean名: spring.resources-org.springframework.boot.autoconfigure.web.ResourceProperties
2021-06-22 22:46:12.956  INFO 3269 --- [restartedMain] c.example.demo.SpringIocAopApplication   : Bean名: spring.web-org.springframework.boot.autoconfigure.web.WebProperties
2021-06-22 22:46:12.956  INFO 3269 --- [restartedMain] c.example.demo.SpringIocAopApplication   : Bean名: org.springframework.boot.autoconfigure.web.servlet.error.ErrorMvcAutoConfiguration
2021-06-22 22:46:12.956  INFO 3269 --- [restartedMain] c.example.demo.SpringIocAopApplication   : Bean名: errorAttributes
2021-06-22 22:46:12.956  INFO 3269 --- [restartedMain] c.example.demo.SpringIocAopApplication   : Bean名: basicErrorController
2021-06-22 22:46:12.956  INFO 3269 --- [restartedMain] c.example.demo.SpringIocAopApplication   : Bean名: errorPageCustomizer
2021-06-22 22:46:12.956  INFO 3269 --- [restartedMain] c.example.demo.SpringIocAopApplication   : Bean名: preserveErrorControllerTargetClassPostProcessor
2021-06-22 22:46:12.956  INFO 3269 --- [restartedMain] c.example.demo.SpringIocAopApplication   : Bean名: org.springframework.boot.autoconfigure.web.servlet.WebMvcAutoConfiguration$EnableWebMvcConfiguration
2021-06-22 22:46:12.956  INFO 3269 --- [restartedMain] c.example.demo.SpringIocAopApplication   : Bean名: requestMappingHandlerAdapter
2021-06-22 22:46:12.956  INFO 3269 --- [restartedMain] c.example.demo.SpringIocAopApplication   : Bean名: requestMappingHandlerMapping
2021-06-22 22:46:12.956  INFO 3269 --- [restartedMain] c.example.demo.SpringIocAopApplication   : Bean名: welcomePageHandlerMapping
2021-06-22 22:46:12.956  INFO 3269 --- [restartedMain] c.example.demo.SpringIocAopApplication   : Bean名: localeResolver
2021-06-22 22:46:12.956  INFO 3269 --- [restartedMain] c.example.demo.SpringIocAopApplication   : Bean名: themeResolver
2021-06-22 22:46:12.956  INFO 3269 --- [restartedMain] c.example.demo.SpringIocAopApplication   : Bean名: flashMapManager
2021-06-22 22:46:12.957  INFO 3269 --- [restartedMain] c.example.demo.SpringIocAopApplication   : Bean名: mvcConversionService
2021-06-22 22:46:12.957  INFO 3269 --- [restartedMain] c.example.demo.SpringIocAopApplication   : Bean名: mvcValidator
2021-06-22 22:46:12.957  INFO 3269 --- [restartedMain] c.example.demo.SpringIocAopApplication   : Bean名: mvcContentNegotiationManager
2021-06-22 22:46:12.957  INFO 3269 --- [restartedMain] c.example.demo.SpringIocAopApplication   : Bean名: mvcPatternParser
2021-06-22 22:46:12.957  INFO 3269 --- [restartedMain] c.example.demo.SpringIocAopApplication   : Bean名: mvcUrlPathHelper
2021-06-22 22:46:12.957  INFO 3269 --- [restartedMain] c.example.demo.SpringIocAopApplication   : Bean名: mvcPathMatcher
2021-06-22 22:46:12.957  INFO 3269 --- [restartedMain] c.example.demo.SpringIocAopApplication   : Bean名: viewControllerHandlerMapping
2021-06-22 22:46:12.957  INFO 3269 --- [restartedMain] c.example.demo.SpringIocAopApplication   : Bean名: beanNameHandlerMapping
2021-06-22 22:46:12.957  INFO 3269 --- [restartedMain] c.example.demo.SpringIocAopApplication   : Bean名: routerFunctionMapping
2021-06-22 22:46:12.957  INFO 3269 --- [restartedMain] c.example.demo.SpringIocAopApplication   : Bean名: resourceHandlerMapping
2021-06-22 22:46:12.957  INFO 3269 --- [restartedMain] c.example.demo.SpringIocAopApplication   : Bean名: mvcResourceUrlProvider
2021-06-22 22:46:12.957  INFO 3269 --- [restartedMain] c.example.demo.SpringIocAopApplication   : Bean名: defaultServletHandlerMapping
2021-06-22 22:46:12.957  INFO 3269 --- [restartedMain] c.example.demo.SpringIocAopApplication   : Bean名: handlerFunctionAdapter
2021-06-22 22:46:12.957  INFO 3269 --- [restartedMain] c.example.demo.SpringIocAopApplication   : Bean名: mvcUriComponentsContributor
2021-06-22 22:46:12.957  INFO 3269 --- [restartedMain] c.example.demo.SpringIocAopApplication   : Bean名: httpRequestHandlerAdapter
2021-06-22 22:46:12.957  INFO 3269 --- [restartedMain] c.example.demo.SpringIocAopApplication   : Bean名: simpleControllerHandlerAdapter
2021-06-22 22:46:12.957  INFO 3269 --- [restartedMain] c.example.demo.SpringIocAopApplication   : Bean名: handlerExceptionResolver
2021-06-22 22:46:12.957  INFO 3269 --- [restartedMain] c.example.demo.SpringIocAopApplication   : Bean名: mvcViewResolver
2021-06-22 22:46:12.957  INFO 3269 --- [restartedMain] c.example.demo.SpringIocAopApplication   : Bean名: mvcHandlerMappingIntrospector
2021-06-22 22:46:12.957  INFO 3269 --- [restartedMain] c.example.demo.SpringIocAopApplication   : Bean名: viewNameTranslator
2021-06-22 22:46:12.957  INFO 3269 --- [restartedMain] c.example.demo.SpringIocAopApplication   : Bean名: org.springframework.boot.autoconfigure.web.servlet.WebMvcAutoConfiguration$WebMvcAutoConfigurationAdapter
2021-06-22 22:46:12.957  INFO 3269 --- [restartedMain] c.example.demo.SpringIocAopApplication   : Bean名: defaultViewResolver
2021-06-22 22:46:12.957  INFO 3269 --- [restartedMain] c.example.demo.SpringIocAopApplication   : Bean名: viewResolver
2021-06-22 22:46:12.957  INFO 3269 --- [restartedMain] c.example.demo.SpringIocAopApplication   : Bean名: requestContextFilter
2021-06-22 22:46:12.957  INFO 3269 --- [restartedMain] c.example.demo.SpringIocAopApplication   : Bean名: org.springframework.boot.autoconfigure.web.servlet.WebMvcAutoConfiguration
2021-06-22 22:46:12.957  INFO 3269 --- [restartedMain] c.example.demo.SpringIocAopApplication   : Bean名: formContentFilter
2021-06-22 22:46:12.957  INFO 3269 --- [restartedMain] c.example.demo.SpringIocAopApplication   : Bean名: org.springframework.boot.autoconfigure.jmx.JmxAutoConfiguration
2021-06-22 22:46:12.957  INFO 3269 --- [restartedMain] c.example.demo.SpringIocAopApplication   : Bean名: mbeanExporter
2021-06-22 22:46:12.957  INFO 3269 --- [restartedMain] c.example.demo.SpringIocAopApplication   : Bean名: objectNamingStrategy
2021-06-22 22:46:12.957  INFO 3269 --- [restartedMain] c.example.demo.SpringIocAopApplication   : Bean名: mbeanServer
2021-06-22 22:46:12.957  INFO 3269 --- [restartedMain] c.example.demo.SpringIocAopApplication   : Bean名: org.springframework.boot.autoconfigure.admin.SpringApplicationAdminJmxAutoConfiguration
2021-06-22 22:46:12.957  INFO 3269 --- [restartedMain] c.example.demo.SpringIocAopApplication   : Bean名: springApplicationAdminRegistrar
2021-06-22 22:46:12.957  INFO 3269 --- [restartedMain] c.example.demo.SpringIocAopApplication   : Bean名: org.springframework.boot.autoconfigure.aop.AopAutoConfiguration$AspectJAutoProxyingConfiguration$CglibAutoProxyConfiguration
2021-06-22 22:46:12.957  INFO 3269 --- [restartedMain] c.example.demo.SpringIocAopApplication   : Bean名: org.springframework.aop.config.internalAutoProxyCreator
2021-06-22 22:46:12.957  INFO 3269 --- [restartedMain] c.example.demo.SpringIocAopApplication   : Bean名: org.springframework.boot.autoconfigure.aop.AopAutoConfiguration$AspectJAutoProxyingConfiguration
2021-06-22 22:46:12.957  INFO 3269 --- [restartedMain] c.example.demo.SpringIocAopApplication   : Bean名: org.springframework.boot.autoconfigure.aop.AopAutoConfiguration
2021-06-22 22:46:12.957  INFO 3269 --- [restartedMain] c.example.demo.SpringIocAopApplication   : Bean名: org.springframework.boot.autoconfigure.availability.ApplicationAvailabilityAutoConfiguration
2021-06-22 22:46:12.957  INFO 3269 --- [restartedMain] c.example.demo.SpringIocAopApplication   : Bean名: applicationAvailability
2021-06-22 22:46:12.957  INFO 3269 --- [restartedMain] c.example.demo.SpringIocAopApplication   : Bean名: org.springframework.boot.autoconfigure.jackson.JacksonAutoConfiguration$Jackson2ObjectMapperBuilderCustomizerConfiguration
2021-06-22 22:46:12.957  INFO 3269 --- [restartedMain] c.example.demo.SpringIocAopApplication   : Bean名: standardJacksonObjectMapperBuilderCustomizer
2021-06-22 22:46:12.957  INFO 3269 --- [restartedMain] c.example.demo.SpringIocAopApplication   : Bean名: spring.jackson-org.springframework.boot.autoconfigure.jackson.JacksonProperties
2021-06-22 22:46:12.957  INFO 3269 --- [restartedMain] c.example.demo.SpringIocAopApplication   : Bean名: org.springframework.boot.autoconfigure.jackson.JacksonAutoConfiguration$JacksonObjectMapperBuilderConfiguration
2021-06-22 22:46:12.957  INFO 3269 --- [restartedMain] c.example.demo.SpringIocAopApplication   : Bean名: jacksonObjectMapperBuilder
2021-06-22 22:46:12.957  INFO 3269 --- [restartedMain] c.example.demo.SpringIocAopApplication   : Bean名: org.springframework.boot.autoconfigure.jackson.JacksonAutoConfiguration$ParameterNamesModuleConfiguration
2021-06-22 22:46:12.957  INFO 3269 --- [restartedMain] c.example.demo.SpringIocAopApplication   : Bean名: parameterNamesModule
2021-06-22 22:46:12.957  INFO 3269 --- [restartedMain] c.example.demo.SpringIocAopApplication   : Bean名: org.springframework.boot.autoconfigure.jackson.JacksonAutoConfiguration$JacksonObjectMapperConfiguration
2021-06-22 22:46:12.957  INFO 3269 --- [restartedMain] c.example.demo.SpringIocAopApplication   : Bean名: jacksonObjectMapper
2021-06-22 22:46:12.957  INFO 3269 --- [restartedMain] c.example.demo.SpringIocAopApplication   : Bean名: org.springframework.boot.autoconfigure.jackson.JacksonAutoConfiguration
2021-06-22 22:46:12.957  INFO 3269 --- [restartedMain] c.example.demo.SpringIocAopApplication   : Bean名: jsonComponentModule
2021-06-22 22:46:12.957  INFO 3269 --- [restartedMain] c.example.demo.SpringIocAopApplication   : Bean名: org.springframework.boot.autoconfigure.transaction.jta.JtaAutoConfiguration
2021-06-22 22:46:12.957  INFO 3269 --- [restartedMain] c.example.demo.SpringIocAopApplication   : Bean名: org.springframework.boot.autoconfigure.jdbc.DataSourceConfiguration$Hikari
2021-06-22 22:46:12.957  INFO 3269 --- [restartedMain] c.example.demo.SpringIocAopApplication   : Bean名: dataSource
2021-06-22 22:46:12.957  INFO 3269 --- [restartedMain] c.example.demo.SpringIocAopApplication   : Bean名: org.springframework.boot.autoconfigure.jdbc.DataSourceJmxConfiguration$Hikari
2021-06-22 22:46:12.957  INFO 3269 --- [restartedMain] c.example.demo.SpringIocAopApplication   : Bean名: org.springframework.boot.autoconfigure.jdbc.DataSourceJmxConfiguration
2021-06-22 22:46:12.957  INFO 3269 --- [restartedMain] c.example.demo.SpringIocAopApplication   : Bean名: org.springframework.boot.autoconfigure.jdbc.DataSourceAutoConfiguration$PooledDataSourceConfiguration
2021-06-22 22:46:12.957  INFO 3269 --- [restartedMain] c.example.demo.SpringIocAopApplication   : Bean名: org.springframework.boot.autoconfigure.jdbc.metadata.DataSourcePoolMetadataProvidersConfiguration$HikariPoolDataSourceMetadataProviderConfiguration
2021-06-22 22:46:12.957  INFO 3269 --- [restartedMain] c.example.demo.SpringIocAopApplication   : Bean名: hikariPoolDataSourceMetadataProvider
2021-06-22 22:46:12.957  INFO 3269 --- [restartedMain] c.example.demo.SpringIocAopApplication   : Bean名: org.springframework.boot.autoconfigure.jdbc.metadata.DataSourcePoolMetadataProvidersConfiguration
2021-06-22 22:46:12.957  INFO 3269 --- [restartedMain] c.example.demo.SpringIocAopApplication   : Bean名: org.springframework.boot.autoconfigure.jdbc.DataSourceAutoConfiguration
2021-06-22 22:46:12.957  INFO 3269 --- [restartedMain] c.example.demo.SpringIocAopApplication   : Bean名: spring.datasource-org.springframework.boot.autoconfigure.jdbc.DataSourceProperties
2021-06-22 22:46:12.957  INFO 3269 --- [restartedMain] c.example.demo.SpringIocAopApplication   : Bean名: org.springframework.boot.autoconfigure.orm.jpa.JpaBaseConfiguration$JpaWebConfiguration
2021-06-22 22:46:12.957  INFO 3269 --- [restartedMain] c.example.demo.SpringIocAopApplication   : Bean名: openEntityManagerInViewInterceptor
2021-06-22 22:46:12.957  INFO 3269 --- [restartedMain] c.example.demo.SpringIocAopApplication   : Bean名: openEntityManagerInViewInterceptorConfigurer
2021-06-22 22:46:12.957  INFO 3269 --- [restartedMain] c.example.demo.SpringIocAopApplication   : Bean名: org.springframework.boot.autoconfigure.orm.jpa.HibernateJpaConfiguration
2021-06-22 22:46:12.957  INFO 3269 --- [restartedMain] c.example.demo.SpringIocAopApplication   : Bean名: transactionManager
2021-06-22 22:46:12.958  INFO 3269 --- [restartedMain] c.example.demo.SpringIocAopApplication   : Bean名: jpaVendorAdapter
2021-06-22 22:46:12.958  INFO 3269 --- [restartedMain] c.example.demo.SpringIocAopApplication   : Bean名: entityManagerFactoryBuilder
2021-06-22 22:46:12.958  INFO 3269 --- [restartedMain] c.example.demo.SpringIocAopApplication   : Bean名: entityManagerFactory
2021-06-22 22:46:12.958  INFO 3269 --- [restartedMain] c.example.demo.SpringIocAopApplication   : Bean名: spring.jpa.hibernate-org.springframework.boot.autoconfigure.orm.jpa.HibernateProperties
2021-06-22 22:46:12.958  INFO 3269 --- [restartedMain] c.example.demo.SpringIocAopApplication   : Bean名: spring.jpa-org.springframework.boot.autoconfigure.orm.jpa.JpaProperties
2021-06-22 22:46:12.958  INFO 3269 --- [restartedMain] c.example.demo.SpringIocAopApplication   : Bean名: org.springframework.boot.autoconfigure.orm.jpa.HibernateJpaAutoConfiguration
2021-06-22 22:46:12.958  INFO 3269 --- [restartedMain] c.example.demo.SpringIocAopApplication   : Bean名: org.springframework.boot.autoconfigure.context.ConfigurationPropertiesAutoConfiguration
2021-06-22 22:46:12.958  INFO 3269 --- [restartedMain] c.example.demo.SpringIocAopApplication   : Bean名: org.springframework.boot.autoconfigure.context.LifecycleAutoConfiguration
2021-06-22 22:46:12.958  INFO 3269 --- [restartedMain] c.example.demo.SpringIocAopApplication   : Bean名: lifecycleProcessor
2021-06-22 22:46:12.958  INFO 3269 --- [restartedMain] c.example.demo.SpringIocAopApplication   : Bean名: spring.lifecycle-org.springframework.boot.autoconfigure.context.LifecycleProperties
2021-06-22 22:46:12.958  INFO 3269 --- [restartedMain] c.example.demo.SpringIocAopApplication   : Bean名: org.springframework.boot.autoconfigure.dao.PersistenceExceptionTranslationAutoConfiguration
2021-06-22 22:46:12.958  INFO 3269 --- [restartedMain] c.example.demo.SpringIocAopApplication   : Bean名: persistenceExceptionTranslationPostProcessor
2021-06-22 22:46:12.958  INFO 3269 --- [restartedMain] c.example.demo.SpringIocAopApplication   : Bean名: org.springframework.boot.autoconfigure.data.jpa.JpaRepositoriesAutoConfiguration
2021-06-22 22:46:12.958  INFO 3269 --- [restartedMain] c.example.demo.SpringIocAopApplication   : Bean名: emBeanDefinitionRegistrarPostProcessor
2021-06-22 22:46:12.958  INFO 3269 --- [restartedMain] c.example.demo.SpringIocAopApplication   : Bean名: jpaMappingContext
2021-06-22 22:46:12.958  INFO 3269 --- [restartedMain] c.example.demo.SpringIocAopApplication   : Bean名: jpaContext
2021-06-22 22:46:12.958  INFO 3269 --- [restartedMain] c.example.demo.SpringIocAopApplication   : Bean名: org.springframework.data.jpa.util.JpaMetamodelCacheCleanup
2021-06-22 22:46:12.958  INFO 3269 --- [restartedMain] c.example.demo.SpringIocAopApplication   : Bean名: org.springframework.data.jpa.repository.support.JpaEvaluationContextExtension
2021-06-22 22:46:12.958  INFO 3269 --- [restartedMain] c.example.demo.SpringIocAopApplication   : Bean名: coffeeRepository
2021-06-22 22:46:12.958  INFO 3269 --- [restartedMain] c.example.demo.SpringIocAopApplication   : Bean名: org.springframework.boot.autoconfigure.http.HttpMessageConvertersAutoConfiguration$StringHttpMessageConverterConfiguration
2021-06-22 22:46:12.958  INFO 3269 --- [restartedMain] c.example.demo.SpringIocAopApplication   : Bean名: stringHttpMessageConverter
2021-06-22 22:46:12.958  INFO 3269 --- [restartedMain] c.example.demo.SpringIocAopApplication   : Bean名: org.springframework.boot.autoconfigure.http.JacksonHttpMessageConvertersConfiguration$MappingJackson2HttpMessageConverterConfiguration
2021-06-22 22:46:12.958  INFO 3269 --- [restartedMain] c.example.demo.SpringIocAopApplication   : Bean名: mappingJackson2HttpMessageConverter
2021-06-22 22:46:12.958  INFO 3269 --- [restartedMain] c.example.demo.SpringIocAopApplication   : Bean名: org.springframework.boot.autoconfigure.http.JacksonHttpMessageConvertersConfiguration
2021-06-22 22:46:12.958  INFO 3269 --- [restartedMain] c.example.demo.SpringIocAopApplication   : Bean名: org.springframework.boot.autoconfigure.http.HttpMessageConvertersAutoConfiguration
2021-06-22 22:46:12.958  INFO 3269 --- [restartedMain] c.example.demo.SpringIocAopApplication   : Bean名: messageConverters
2021-06-22 22:46:12.958  INFO 3269 --- [restartedMain] c.example.demo.SpringIocAopApplication   : Bean名: org.springframework.data.web.config.ProjectingArgumentResolverRegistrar
2021-06-22 22:46:12.958  INFO 3269 --- [restartedMain] c.example.demo.SpringIocAopApplication   : Bean名: projectingArgumentResolverBeanPostProcessor
2021-06-22 22:46:12.958  INFO 3269 --- [restartedMain] c.example.demo.SpringIocAopApplication   : Bean名: org.springframework.data.web.config.SpringDataWebConfiguration
2021-06-22 22:46:12.958  INFO 3269 --- [restartedMain] c.example.demo.SpringIocAopApplication   : Bean名: pageableResolver
2021-06-22 22:46:12.958  INFO 3269 --- [restartedMain] c.example.demo.SpringIocAopApplication   : Bean名: sortResolver
2021-06-22 22:46:12.958  INFO 3269 --- [restartedMain] c.example.demo.SpringIocAopApplication   : Bean名: org.springframework.data.web.config.SpringDataJacksonConfiguration
2021-06-22 22:46:12.958  INFO 3269 --- [restartedMain] c.example.demo.SpringIocAopApplication   : Bean名: jacksonGeoModule
2021-06-22 22:46:12.958  INFO 3269 --- [restartedMain] c.example.demo.SpringIocAopApplication   : Bean名: org.springframework.boot.autoconfigure.data.web.SpringDataWebAutoConfiguration
2021-06-22 22:46:12.958  INFO 3269 --- [restartedMain] c.example.demo.SpringIocAopApplication   : Bean名: pageableCustomizer
2021-06-22 22:46:12.958  INFO 3269 --- [restartedMain] c.example.demo.SpringIocAopApplication   : Bean名: sortCustomizer
2021-06-22 22:46:12.958  INFO 3269 --- [restartedMain] c.example.demo.SpringIocAopApplication   : Bean名: spring.data.web-org.springframework.boot.autoconfigure.data.web.SpringDataWebProperties
2021-06-22 22:46:12.958  INFO 3269 --- [restartedMain] c.example.demo.SpringIocAopApplication   : Bean名: org.springframework.boot.autoconfigure.h2.H2ConsoleAutoConfiguration
2021-06-22 22:46:12.958  INFO 3269 --- [restartedMain] c.example.demo.SpringIocAopApplication   : Bean名: h2Console
2021-06-22 22:46:12.958  INFO 3269 --- [restartedMain] c.example.demo.SpringIocAopApplication   : Bean名: spring.h2.console-org.springframework.boot.autoconfigure.h2.H2ConsoleProperties
2021-06-22 22:46:12.958  INFO 3269 --- [restartedMain] c.example.demo.SpringIocAopApplication   : Bean名: org.springframework.boot.autoconfigure.info.ProjectInfoAutoConfiguration
2021-06-22 22:46:12.959  INFO 3269 --- [restartedMain] c.example.demo.SpringIocAopApplication   : Bean名: spring.info-org.springframework.boot.autoconfigure.info.ProjectInfoProperties
2021-06-22 22:46:12.959  INFO 3269 --- [restartedMain] c.example.demo.SpringIocAopApplication   : Bean名: org.springframework.boot.autoconfigure.jdbc.JdbcTemplateConfiguration
2021-06-22 22:46:12.959  INFO 3269 --- [restartedMain] c.example.demo.SpringIocAopApplication   : Bean名: jdbcTemplate
2021-06-22 22:46:12.959  INFO 3269 --- [restartedMain] c.example.demo.SpringIocAopApplication   : Bean名: org.springframework.boot.autoconfigure.jdbc.NamedParameterJdbcTemplateConfiguration
2021-06-22 22:46:12.959  INFO 3269 --- [restartedMain] c.example.demo.SpringIocAopApplication   : Bean名: namedParameterJdbcTemplate
2021-06-22 22:46:12.959  INFO 3269 --- [restartedMain] c.example.demo.SpringIocAopApplication   : Bean名: org.springframework.boot.autoconfigure.jdbc.JdbcTemplateAutoConfiguration
2021-06-22 22:46:12.959  INFO 3269 --- [restartedMain] c.example.demo.SpringIocAopApplication   : Bean名: spring.jdbc-org.springframework.boot.autoconfigure.jdbc.JdbcProperties
2021-06-22 22:46:12.959  INFO 3269 --- [restartedMain] c.example.demo.SpringIocAopApplication   : Bean名: org.springframework.boot.sql.init.dependency.DatabaseInitializationDependencyConfigurer$DependsOnDatabaseInitializationPostProcessor
2021-06-22 22:46:12.959  INFO 3269 --- [restartedMain] c.example.demo.SpringIocAopApplication   : Bean名: org.springframework.boot.autoconfigure.sql.init.DataSourceInitializationConfiguration
2021-06-22 22:46:12.959  INFO 3269 --- [restartedMain] c.example.demo.SpringIocAopApplication   : Bean名: dataSourceScriptDatabaseInitializer
2021-06-22 22:46:12.959  INFO 3269 --- [restartedMain] c.example.demo.SpringIocAopApplication   : Bean名: org.springframework.boot.autoconfigure.sql.init.SqlInitializationAutoConfiguration
2021-06-22 22:46:12.959  INFO 3269 --- [restartedMain] c.example.demo.SpringIocAopApplication   : Bean名: spring.sql.init-org.springframework.boot.autoconfigure.sql.init.SqlInitializationProperties
2021-06-22 22:46:12.959  INFO 3269 --- [restartedMain] c.example.demo.SpringIocAopApplication   : Bean名: org.springframework.boot.autoconfigure.task.TaskSchedulingAutoConfiguration
2021-06-22 22:46:12.959  INFO 3269 --- [restartedMain] c.example.demo.SpringIocAopApplication   : Bean名: scheduledBeanLazyInitializationExcludeFilter
2021-06-22 22:46:12.959  INFO 3269 --- [restartedMain] c.example.demo.SpringIocAopApplication   : Bean名: taskSchedulerBuilder
2021-06-22 22:46:12.959  INFO 3269 --- [restartedMain] c.example.demo.SpringIocAopApplication   : Bean名: spring.task.scheduling-org.springframework.boot.autoconfigure.task.TaskSchedulingProperties
2021-06-22 22:46:12.959  INFO 3269 --- [restartedMain] c.example.demo.SpringIocAopApplication   : Bean名: org.springframework.boot.autoconfigure.thymeleaf.ThymeleafAutoConfiguration$ThymeleafJava8TimeDialect
2021-06-22 22:46:12.959  INFO 3269 --- [restartedMain] c.example.demo.SpringIocAopApplication   : Bean名: java8TimeDialect
2021-06-22 22:46:12.959  INFO 3269 --- [restartedMain] c.example.demo.SpringIocAopApplication   : Bean名: org.springframework.boot.autoconfigure.thymeleaf.ThymeleafAutoConfiguration$ThymeleafWebMvcConfiguration$ThymeleafViewResolverConfiguration
2021-06-22 22:46:12.959  INFO 3269 --- [restartedMain] c.example.demo.SpringIocAopApplication   : Bean名: thymeleafViewResolver
2021-06-22 22:46:12.959  INFO 3269 --- [restartedMain] c.example.demo.SpringIocAopApplication   : Bean名: org.springframework.boot.autoconfigure.thymeleaf.ThymeleafAutoConfiguration$ThymeleafWebMvcConfiguration
2021-06-22 22:46:12.959  INFO 3269 --- [restartedMain] c.example.demo.SpringIocAopApplication   : Bean名: org.springframework.boot.autoconfigure.thymeleaf.ThymeleafAutoConfiguration$ThymeleafDefaultConfiguration
2021-06-22 22:46:12.959  INFO 3269 --- [restartedMain] c.example.demo.SpringIocAopApplication   : Bean名: templateEngine
2021-06-22 22:46:12.959  INFO 3269 --- [restartedMain] c.example.demo.SpringIocAopApplication   : Bean名: org.springframework.boot.autoconfigure.thymeleaf.ThymeleafAutoConfiguration$DefaultTemplateResolverConfiguration
2021-06-22 22:46:12.959  INFO 3269 --- [restartedMain] c.example.demo.SpringIocAopApplication   : Bean名: defaultTemplateResolver
2021-06-22 22:46:12.959  INFO 3269 --- [restartedMain] c.example.demo.SpringIocAopApplication   : Bean名: org.springframework.boot.autoconfigure.thymeleaf.ThymeleafAutoConfiguration
2021-06-22 22:46:12.959  INFO 3269 --- [restartedMain] c.example.demo.SpringIocAopApplication   : Bean名: spring.thymeleaf-org.springframework.boot.autoconfigure.thymeleaf.ThymeleafProperties
2021-06-22 22:46:12.959  INFO 3269 --- [restartedMain] c.example.demo.SpringIocAopApplication   : Bean名: org.springframework.boot.autoconfigure.jdbc.DataSourceTransactionManagerAutoConfiguration$JdbcTransactionManagerConfiguration
2021-06-22 22:46:12.959  INFO 3269 --- [restartedMain] c.example.demo.SpringIocAopApplication   : Bean名: org.springframework.boot.autoconfigure.jdbc.DataSourceTransactionManagerAutoConfiguration
2021-06-22 22:46:12.959  INFO 3269 --- [restartedMain] c.example.demo.SpringIocAopApplication   : Bean名: org.springframework.transaction.annotation.ProxyTransactionManagementConfiguration
2021-06-22 22:46:12.959  INFO 3269 --- [restartedMain] c.example.demo.SpringIocAopApplication   : Bean名: org.springframework.transaction.config.internalTransactionAdvisor
2021-06-22 22:46:12.959  INFO 3269 --- [restartedMain] c.example.demo.SpringIocAopApplication   : Bean名: transactionAttributeSource
2021-06-22 22:46:12.959  INFO 3269 --- [restartedMain] c.example.demo.SpringIocAopApplication   : Bean名: transactionInterceptor
2021-06-22 22:46:12.959  INFO 3269 --- [restartedMain] c.example.demo.SpringIocAopApplication   : Bean名: org.springframework.transaction.config.internalTransactionalEventListenerFactory
2021-06-22 22:46:12.959  INFO 3269 --- [restartedMain] c.example.demo.SpringIocAopApplication   : Bean名: org.springframework.boot.autoconfigure.transaction.TransactionAutoConfiguration$EnableTransactionManagementConfiguration$CglibAutoProxyConfiguration
2021-06-22 22:46:12.959  INFO 3269 --- [restartedMain] c.example.demo.SpringIocAopApplication   : Bean名: org.springframework.boot.autoconfigure.transaction.TransactionAutoConfiguration$EnableTransactionManagementConfiguration
2021-06-22 22:46:12.959  INFO 3269 --- [restartedMain] c.example.demo.SpringIocAopApplication   : Bean名: org.springframework.boot.autoconfigure.transaction.TransactionAutoConfiguration$TransactionTemplateConfiguration
2021-06-22 22:46:12.959  INFO 3269 --- [restartedMain] c.example.demo.SpringIocAopApplication   : Bean名: transactionTemplate
2021-06-22 22:46:12.959  INFO 3269 --- [restartedMain] c.example.demo.SpringIocAopApplication   : Bean名: org.springframework.boot.autoconfigure.transaction.TransactionAutoConfiguration
2021-06-22 22:46:12.959  INFO 3269 --- [restartedMain] c.example.demo.SpringIocAopApplication   : Bean名: platformTransactionManagerCustomizers
2021-06-22 22:46:12.959  INFO 3269 --- [restartedMain] c.example.demo.SpringIocAopApplication   : Bean名: spring.transaction-org.springframework.boot.autoconfigure.transaction.TransactionProperties
2021-06-22 22:46:12.959  INFO 3269 --- [restartedMain] c.example.demo.SpringIocAopApplication   : Bean名: org.springframework.boot.autoconfigure.web.client.RestTemplateAutoConfiguration
2021-06-22 22:46:12.959  INFO 3269 --- [restartedMain] c.example.demo.SpringIocAopApplication   : Bean名: restTemplateBuilderConfigurer
2021-06-22 22:46:12.959  INFO 3269 --- [restartedMain] c.example.demo.SpringIocAopApplication   : Bean名: restTemplateBuilder
2021-06-22 22:46:12.959  INFO 3269 --- [restartedMain] c.example.demo.SpringIocAopApplication   : Bean名: org.springframework.boot.autoconfigure.web.embedded.EmbeddedWebServerFactoryCustomizerAutoConfiguration$TomcatWebServerFactoryCustomizerConfiguration
2021-06-22 22:46:12.959  INFO 3269 --- [restartedMain] c.example.demo.SpringIocAopApplication   : Bean名: tomcatWebServerFactoryCustomizer
2021-06-22 22:46:12.959  INFO 3269 --- [restartedMain] c.example.demo.SpringIocAopApplication   : Bean名: org.springframework.boot.autoconfigure.web.embedded.EmbeddedWebServerFactoryCustomizerAutoConfiguration
2021-06-22 22:46:12.959  INFO 3269 --- [restartedMain] c.example.demo.SpringIocAopApplication   : Bean名: org.springframework.boot.autoconfigure.web.servlet.HttpEncodingAutoConfiguration
2021-06-22 22:46:12.959  INFO 3269 --- [restartedMain] c.example.demo.SpringIocAopApplication   : Bean名: characterEncodingFilter
2021-06-22 22:46:12.959  INFO 3269 --- [restartedMain] c.example.demo.SpringIocAopApplication   : Bean名: localeCharsetMappingsCustomizer
2021-06-22 22:46:12.959  INFO 3269 --- [restartedMain] c.example.demo.SpringIocAopApplication   : Bean名: org.springframework.boot.autoconfigure.web.servlet.MultipartAutoConfiguration
2021-06-22 22:46:12.959  INFO 3269 --- [restartedMain] c.example.demo.SpringIocAopApplication   : Bean名: multipartConfigElement
2021-06-22 22:46:12.959  INFO 3269 --- [restartedMain] c.example.demo.SpringIocAopApplication   : Bean名: multipartResolver
2021-06-22 22:46:12.959  INFO 3269 --- [restartedMain] c.example.demo.SpringIocAopApplication   : Bean名: spring.servlet.multipart-org.springframework.boot.autoconfigure.web.servlet.MultipartProperties
2021-06-22 22:46:12.959  INFO 3269 --- [restartedMain] c.example.demo.SpringIocAopApplication   : Bean名: org.springframework.boot.devtools.autoconfigure.DevToolsDataSourceAutoConfiguration$DatabaseShutdownExecutorEntityManagerFactoryDependsOnPostProcessor
2021-06-22 22:46:12.959  INFO 3269 --- [restartedMain] c.example.demo.SpringIocAopApplication   : Bean名: org.springframework.boot.devtools.autoconfigure.DevToolsDataSourceAutoConfiguration
2021-06-22 22:46:12.960  INFO 3269 --- [restartedMain] c.example.demo.SpringIocAopApplication   : Bean名: inMemoryDatabaseShutdownExecutor
2021-06-22 22:46:12.960  INFO 3269 --- [restartedMain] c.example.demo.SpringIocAopApplication   : Bean名: org.springframework.boot.devtools.autoconfigure.LocalDevToolsAutoConfiguration$RestartConfiguration
2021-06-22 22:46:12.960  INFO 3269 --- [restartedMain] c.example.demo.SpringIocAopApplication   : Bean名: restartingClassPathChangedEventListener
2021-06-22 22:46:12.960  INFO 3269 --- [restartedMain] c.example.demo.SpringIocAopApplication   : Bean名: classPathFileSystemWatcher
2021-06-22 22:46:12.960  INFO 3269 --- [restartedMain] c.example.demo.SpringIocAopApplication   : Bean名: classPathRestartStrategy
2021-06-22 22:46:12.960  INFO 3269 --- [restartedMain] c.example.demo.SpringIocAopApplication   : Bean名: fileSystemWatcherFactory
2021-06-22 22:46:12.960  INFO 3269 --- [restartedMain] c.example.demo.SpringIocAopApplication   : Bean名: conditionEvaluationDeltaLoggingListener
2021-06-22 22:46:12.960  INFO 3269 --- [restartedMain] c.example.demo.SpringIocAopApplication   : Bean名: org.springframework.boot.devtools.autoconfigure.LocalDevToolsAutoConfiguration$LiveReloadConfiguration
2021-06-22 22:46:12.960  INFO 3269 --- [restartedMain] c.example.demo.SpringIocAopApplication   : Bean名: liveReloadServer
2021-06-22 22:46:12.960  INFO 3269 --- [restartedMain] c.example.demo.SpringIocAopApplication   : Bean名: optionalLiveReloadServer
2021-06-22 22:46:12.960  INFO 3269 --- [restartedMain] c.example.demo.SpringIocAopApplication   : Bean名: liveReloadServerEventListener
2021-06-22 22:46:12.960  INFO 3269 --- [restartedMain] c.example.demo.SpringIocAopApplication   : Bean名: org.springframework.boot.devtools.autoconfigure.LocalDevToolsAutoConfiguration
2021-06-22 22:46:12.960  INFO 3269 --- [restartedMain] c.example.demo.SpringIocAopApplication   : Bean名: spring.devtools-org.springframework.boot.devtools.autoconfigure.DevToolsProperties
2021-06-22 22:46:12.960  INFO 3269 --- [restartedMain] c.example.demo.SpringIocAopApplication   : Bean名: org.springframework.orm.jpa.SharedEntityManagerCreator#0
2021-06-22 22:46:12.961  INFO 3269 --- [restartedMain] .ConditionEvaluationDeltaLoggingListener : Condition evaluation unchanged
2021-06-22 22:46:21.437  INFO 3269 --- [Thread-17] j.LocalContainerEntityManagerFactoryBean : Closing JPA EntityManagerFactory for persistence unit 'default'
2021-06-22 22:46:21.642  WARN 3269 --- [Thread-17] o.s.b.f.support.DisposableBeanAdapter    : Invocation of destroy method failed on bean with name 'inMemoryDatabaseShutdownExecutor': org.h2.jdbc.JdbcSQLNonTransientConnectionException: データベースはすでに閉じられています (VM終了時の自動データベースクローズを無効にするためには、db URLに ";DB_CLOSE_ON_EXIT=FALSE" を追加してください)
Database is already closed (to disable automatic closing at VM shutdown, add ";DB_CLOSE_ON_EXIT=FALSE" to the db URL) [90121-200]
2021-06-22 22:46:21.643  INFO 3269 --- [Thread-17] com.zaxxer.hikari.HikariDataSource       : HikariPool-4 - Shutdown initiated...
2021-06-22 22:46:21.644  INFO 3269 --- [Thread-17] com.zaxxer.hikari.HikariDataSource       : HikariPool-4 - Shutdown completed.
